2024-04-08 14:20:03.285860 C:/Users/Usuario/Downloads/GAB-PEX-11
2024-04-08 14:20:04.382658 C:\SolidWorks Data\Envío de piezas a Odoo\main.swp
2024-04-08 14:20:07.866980 searching content in:  C:\SolidWorks Data\Envío de piezas a Odoo\\Error.txt
2024-04-08 14:20:07.866980 searching content in:  C:\SolidWorks Data\Envío de piezas a Odoo\\Volumen.txt
2024-04-08 14:20:07.866980 searching content in:  C:\SolidWorks Data\Envío de piezas a Odoo\\Superficie.txt
2024-04-08 14:20:07.866980 searching content in:  C:\SolidWorks Data\Envío de piezas a Odoo\\Ancho.txt
2024-04-08 14:20:07.866980 searching content in:  C:\SolidWorks Data\Envío de piezas a Odoo\\Largo.txt
2024-04-08 14:20:07.866980 searching content in:  C:\SolidWorks Data\Envío de piezas a Odoo\\Grosor.txt
2024-04-08 14:20:07.866980 volumen:  2226.43 superficie:  5149.63 ancho:  69.16 largo:  0.90 espesor:  36.0000
2024-04-08 14:20:07.882605 C:\SolidWorks Data\Envío de piezas a Odoo\main.swp
2024-04-08 14:20:17.679569 searching content in:  C:\SolidWorks Data\Envío de piezas a Odoo\\Error.txt
2024-04-08 14:20:17.679569 searching content in:  C:\SolidWorks Data\Envío de piezas a Odoo\\Volumen.txt
2024-04-08 14:20:17.679569 searching content in:  C:\SolidWorks Data\Envío de piezas a Odoo\\Superficie.txt
2024-04-08 14:20:17.679569 searching content in:  C:\SolidWorks Data\Envío de piezas a Odoo\\Ancho.txt
2024-04-08 14:20:17.679569 searching content in:  C:\SolidWorks Data\Envío de piezas a Odoo\\Largo.txt
2024-04-08 14:20:17.679569 searching content in:  C:\SolidWorks Data\Envío de piezas a Odoo\\Grosor.txt
2024-04-08 14:20:17.679569 volumen:  160791.68 superficie:  364663.19 ancho:  344.00 largo:  558.32 espesor:  0.9000
2024-04-08 14:20:17.695191 C:\SolidWorks Data\Envío de piezas a Odoo\main.swp
2024-04-08 14:20:23.714000 searching content in:  C:\SolidWorks Data\Envío de piezas a Odoo\\Error.txt
2024-04-08 14:20:23.729618 searching content in:  C:\SolidWorks Data\Envío de piezas a Odoo\\Volumen.txt
2024-04-08 14:20:23.729618 searching content in:  C:\SolidWorks Data\Envío de piezas a Odoo\\Superficie.txt
2024-04-08 14:20:23.729618 searching content in:  C:\SolidWorks Data\Envío de piezas a Odoo\\Ancho.txt
2024-04-08 14:20:23.729618 searching content in:  C:\SolidWorks Data\Envío de piezas a Odoo\\Largo.txt
2024-04-08 14:20:23.729618 searching content in:  C:\SolidWorks Data\Envío de piezas a Odoo\\Grosor.txt
2024-04-08 14:20:23.729618 volumen:  133419.77 superficie:  301092.89 ancho:  634.04 largo:  251.52 espesor:  0.9000
2024-04-08 14:20:23.745242 C:\SolidWorks Data\Envío de piezas a Odoo\main.swp
2024-04-08 14:20:27.833129 searching content in:  C:\SolidWorks Data\Envío de piezas a Odoo\\Error.txt
2024-04-08 14:20:27.833129 searching content in:  C:\SolidWorks Data\Envío de piezas a Odoo\\Volumen.txt
2024-04-08 14:20:27.833129 searching content in:  C:\SolidWorks Data\Envío de piezas a Odoo\\Superficie.txt
2024-04-08 14:20:27.833129 searching content in:  C:\SolidWorks Data\Envío de piezas a Odoo\\Ancho.txt
2024-04-08 14:20:27.833129 searching content in:  C:\SolidWorks Data\Envío de piezas a Odoo\\Largo.txt
2024-04-08 14:20:27.833129 searching content in:  C:\SolidWorks Data\Envío de piezas a Odoo\\Grosor.txt
2024-04-08 14:20:27.833129 volumen:  17984.90 superficie:  24791.24 ancho:  198.11 largo:  1.56 espesor:  89.4600
2024-04-08 14:20:27.848747 C:\SolidWorks Data\Envío de piezas a Odoo\main.swp
2024-04-08 14:20:39.744343 searching content in:  C:\SolidWorks Data\Envío de piezas a Odoo\\Error.txt
2024-04-08 14:20:39.745345 searching content in:  C:\SolidWorks Data\Envío de piezas a Odoo\\Volumen.txt
2024-04-08 14:20:39.745345 searching content in:  C:\SolidWorks Data\Envío de piezas a Odoo\\Superficie.txt
2024-04-08 14:20:39.745345 searching content in:  C:\SolidWorks Data\Envío de piezas a Odoo\\Ancho.txt
2024-04-08 14:20:39.746344 searching content in:  C:\SolidWorks Data\Envío de piezas a Odoo\\Largo.txt
2024-04-08 14:20:39.746344 searching content in:  C:\SolidWorks Data\Envío de piezas a Odoo\\Grosor.txt
2024-04-08 14:20:39.746344 volumen:  160791.68 superficie:  364663.19 ancho:  344.00 largo:  558.32 espesor:  0.9000
2024-04-08 14:20:39.749345 {"params": {"name": "1 03625 GAB-PEX-XX-B V2 L SOP CABLES", "default_code": 32264, "product_tag_ids": "Piezas", "weight": 0.0173884183, "gross_weight": 0.017500523039999997, "volume": 0.0022264299999999997, "superficie": "5149.63", "broad": 36.0, "long": 69.16, "categ_id": "Chapa Galvanizada SAE 1010", "thickness": 0.9, "sale_ok": "true", "purchase_ok": "false", "product_route": "file:///C:/Users/Usuario/Downloads/GAB-PEX-11/G%201%2003625%20GAB-PEX-XX-B%20V2%20L%20SOP%20CABLES.SLDPRT", "bill_of_materials": [{"default_code": 20013, "product_qty": 0.017500523039999997}]}}
Exception in Tkinter callback
Traceback (most recent call last):
  File "C:\Users\Usuario\AppData\Local\Programs\Python\Python312\Lib\site-packages\requests\models.py", line 971, in json
    return complexjson.loads(self.text, **kwargs)
           ^^^^^^^^^^^^^^^^^^^^^^^^^^^^^^^^^^^^^^
  File "C:\Users\Usuario\AppData\Local\Programs\Python\Python312\Lib\json\__init__.py", line 346, in loads
    return _default_decoder.decode(s)
           ^^^^^^^^^^^^^^^^^^^^^^^^^^
  File "C:\Users\Usuario\AppData\Local\Programs\Python\Python312\Lib\json\decoder.py", line 337, in decode
    obj, end = self.raw_decode(s, idx=_w(s, 0).end())
               ^^^^^^^^^^^^^^^^^^^^^^^^^^^^^^^^^^^^^^
  File "C:\Users\Usuario\AppData\Local\Programs\Python\Python312\Lib\json\decoder.py", line 355, in raw_decode
    raise JSONDecodeError("Expecting value", s, err.value) from None
json.decoder.JSONDecodeError: Expecting value: line 1 column 1 (char 0)

During handling of the above exception, another exception occurred:

Traceback (most recent call last):
  File "C:\Users\Usuario\Documents\Pedro\solid module\gui.py", line 157, in insert_pieza_odoo
    if response.json()["result"]['status'] != 200:
       ^^^^^^^^^^^^^^^
  File "C:\Users\Usuario\AppData\Local\Programs\Python\Python312\Lib\site-packages\requests\models.py", line 975, in json
    raise RequestsJSONDecodeError(e.msg, e.doc, e.pos)
requests.exceptions.JSONDecodeError: Expecting value: line 1 column 1 (char 0)

During handling of the above exception, another exception occurred:

Traceback (most recent call last):
  File "C:\Users\Usuario\AppData\Local\Programs\Python\Python312\Lib\tkinter\__init__.py", line 1962, in __call__
    return self.func(*args)
           ^^^^^^^^^^^^^^^^
  File "C:\Users\Usuario\Documents\Pedro\solid module\gui.py", line 582, in on_drop
  File "C:\Users\Usuario\Documents\Pedro\solid module\gui.py", line 481, in folder
    insert_pieza_odoo(pieza)
  File "C:\Users\Usuario\Documents\Pedro\solid module\gui.py", line 161, in insert_pieza_odoo
    messagebox.showerror("Request Failed", f"Request failed. Error status: {response}")
  File "C:\Users\Usuario\AppData\Local\Programs\Python\Python312\Lib\tkinter\messagebox.py", line 98, in showerror
    return _show(title, message, ERROR, OK, **options)
           ^^^^^^^^^^^^^^^^^^^^^^^^^^^^^^^^^^^^^^^^^^^
  File "C:\Users\Usuario\AppData\Local\Programs\Python\Python312\Lib\tkinter\messagebox.py", line 76, in _show
    res = Message(**options).show()
          ^^^^^^^^^^^^^^^^^^^^^^^^^
  File "C:\Users\Usuario\AppData\Local\Programs\Python\Python312\Lib\tkinter\commondialog.py", line 45, in show
    s = master.tk.call(self.command, *master._options(self.options))
        ^^^^^^^^^^^^^^^^^^^^^^^^^^^^^^^^^^^^^^^^^^^^^^^^^^^^^^^^^^^^
KeyboardInterrupt
Traceback (most recent call last):
  File "C:\Users\Usuario\Documents\Pedro\solid module\gui.py", line 611, in <module>
    if __name__ == "__main__":
        ^^^^^^^^^^^^^^
  File "C:\Users\Usuario\AppData\Local\Programs\Python\Python312\Lib\tkinter\__init__.py", line 1499, in mainloop
    self.tk.mainloop(n)
KeyboardInterrupt
2024-04-08 14:22:30.283672 C:/Users/Usuario/Downloads/GAB-PEX-11
2024-04-08 14:22:31.376334 C:\SolidWorks Data\Envío de piezas a Odoo\main.swp
2024-04-08 14:22:34.579424 searching content in:  C:\SolidWorks Data\Envío de piezas a Odoo\\Error.txt
2024-04-08 14:22:34.579424 searching content in:  C:\SolidWorks Data\Envío de piezas a Odoo\\Volumen.txt
2024-04-08 14:22:34.579424 searching content in:  C:\SolidWorks Data\Envío de piezas a Odoo\\Superficie.txt
2024-04-08 14:22:34.579424 searching content in:  C:\SolidWorks Data\Envío de piezas a Odoo\\Ancho.txt
2024-04-08 14:22:34.579424 searching content in:  C:\SolidWorks Data\Envío de piezas a Odoo\\Largo.txt
2024-04-08 14:22:34.579424 searching content in:  C:\SolidWorks Data\Envío de piezas a Odoo\\Grosor.txt
2024-04-08 14:22:34.579424 volumen:  2226.43 superficie:  5149.63 ancho:  69.16 largo:  0.90 espesor:  36.0000
2024-04-08 14:22:34.595042 C:\SolidWorks Data\Envío de piezas a Odoo\main.swp
2024-04-08 14:22:44.469839 searching content in:  C:\SolidWorks Data\Envío de piezas a Odoo\\Error.txt
2024-04-08 14:22:44.469839 searching content in:  C:\SolidWorks Data\Envío de piezas a Odoo\\Volumen.txt
2024-04-08 14:22:44.469839 searching content in:  C:\SolidWorks Data\Envío de piezas a Odoo\\Superficie.txt
2024-04-08 14:22:44.469839 searching content in:  C:\SolidWorks Data\Envío de piezas a Odoo\\Ancho.txt
2024-04-08 14:22:44.469839 searching content in:  C:\SolidWorks Data\Envío de piezas a Odoo\\Largo.txt
2024-04-08 14:22:44.469839 searching content in:  C:\SolidWorks Data\Envío de piezas a Odoo\\Grosor.txt
2024-04-08 14:22:44.469839 volumen:  160791.68 superficie:  364663.19 ancho:  344.00 largo:  558.32 espesor:  0.9000
2024-04-08 14:22:44.485466 C:\SolidWorks Data\Envío de piezas a Odoo\main.swp
2024-04-08 14:22:50.461103 searching content in:  C:\SolidWorks Data\Envío de piezas a Odoo\\Error.txt
2024-04-08 14:22:50.461103 searching content in:  C:\SolidWorks Data\Envío de piezas a Odoo\\Volumen.txt
2024-04-08 14:22:50.461103 searching content in:  C:\SolidWorks Data\Envío de piezas a Odoo\\Superficie.txt
2024-04-08 14:22:50.461103 searching content in:  C:\SolidWorks Data\Envío de piezas a Odoo\\Ancho.txt
2024-04-08 14:22:50.461103 searching content in:  C:\SolidWorks Data\Envío de piezas a Odoo\\Largo.txt
2024-04-08 14:22:50.461103 searching content in:  C:\SolidWorks Data\Envío de piezas a Odoo\\Grosor.txt
2024-04-08 14:22:50.461103 volumen:  133419.77 superficie:  301092.89 ancho:  634.04 largo:  251.52 espesor:  0.9000
2024-04-08 14:22:50.539227 C:\SolidWorks Data\Envío de piezas a Odoo\main.swp
2024-04-08 14:22:54.173772 searching content in:  C:\SolidWorks Data\Envío de piezas a Odoo\\Error.txt
2024-04-08 14:22:54.173772 searching content in:  C:\SolidWorks Data\Envío de piezas a Odoo\\Volumen.txt
2024-04-08 14:22:54.173772 searching content in:  C:\SolidWorks Data\Envío de piezas a Odoo\\Superficie.txt
2024-04-08 14:22:54.173772 searching content in:  C:\SolidWorks Data\Envío de piezas a Odoo\\Ancho.txt
2024-04-08 14:22:54.173772 searching content in:  C:\SolidWorks Data\Envío de piezas a Odoo\\Largo.txt
2024-04-08 14:22:54.173772 searching content in:  C:\SolidWorks Data\Envío de piezas a Odoo\\Grosor.txt
2024-04-08 14:22:54.173772 volumen:  17984.90 superficie:  24791.24 ancho:  198.11 largo:  1.56 espesor:  89.4600
2024-04-08 14:22:54.205015 C:\SolidWorks Data\Envío de piezas a Odoo\main.swp
2024-04-08 14:23:06.267122 searching content in:  C:\SolidWorks Data\Envío de piezas a Odoo\\Error.txt
2024-04-08 14:23:06.267122 searching content in:  C:\SolidWorks Data\Envío de piezas a Odoo\\Volumen.txt
2024-04-08 14:23:06.267122 searching content in:  C:\SolidWorks Data\Envío de piezas a Odoo\\Superficie.txt
2024-04-08 14:23:06.267122 searching content in:  C:\SolidWorks Data\Envío de piezas a Odoo\\Ancho.txt
2024-04-08 14:23:06.267122 searching content in:  C:\SolidWorks Data\Envío de piezas a Odoo\\Largo.txt
2024-04-08 14:23:06.267122 searching content in:  C:\SolidWorks Data\Envío de piezas a Odoo\\Grosor.txt
2024-04-08 14:23:06.267122 volumen:  160791.68 superficie:  364663.19 ancho:  344.00 largo:  558.32 espesor:  0.9000
2024-04-08 14:23:06.267122 {"params": {"name": "1 03625 GAB-PEX-XX-B V2 L SOP CABLES", "default_code": 965966, "product_tag_ids": "Piezas", "weight": 0.0173884183, "gross_weight": 0.017500523039999997, "volume": 0.0022264299999999997, "superficie": "5149.63", "broad": 36.0, "long": 69.16, "categ_id": "Chapa Galvanizada SAE 1010", "thickness": 0.9, "sale_ok": "true", "purchase_ok": "false", "product_route": "file:///C:/Users/Usuario/Downloads/GAB-PEX-11/G%201%2003625%20GAB-PEX-XX-B%20V2%20L%20SOP%20CABLES.SLDPRT", "bill_of_materials": [{"default_code": 20013, "product_qty": 0.017500523039999997}]}}
2024-04-08 14:23:09.228044 Request failed. Error status: <Response [404]>
2024-04-08 14:23:09.228044 {"params": {"name": "1 03625 GAB-PEX-XX-B V2 L SOP CABLES", "default_code": 866299, "product_tag_ids": "Piezas", "weight": 1.2557830207999998, "gross_weight": 1.3500043603200003, "volume": 0.16079168, "superficie": "364663.19", "broad": 344.0, "long": 558.32, "categ_id": "Chapa Galvanizada SAE 1010", "thickness": 0.9, "sale_ok": "true", "purchase_ok": "false", "product_route": "file:///C:/Users/Usuario/Downloads/GAB-PEX-11/G%202%20GAB-PEX-11-B%20V2%20TAPA.SLDPRT", "bill_of_materials": [{"default_code": 20013, "product_qty": 1.3500043603200003}]}}
2024-04-08 14:23:10.410146 Request failed. Error status: <Response [404]>
2024-04-08 14:23:10.410146 {"params": {"name": "1 03625 GAB-PEX-XX-B V2 L SOP CABLES", "default_code": 831774, "product_tag_ids": "Piezas", "weight": 1.0420084037, "gross_weight": 1.1209409240831998, "volume": 0.13341977, "superficie": "301092.89", "broad": 251.52, "long": 634.04, "categ_id": "Chapa Galvanizada SAE 1010", "thickness": 0.9, "sale_ok": "true", "purchase_ok": "false", "product_route": "file:///C:/Users/Usuario/Downloads/GAB-PEX-11/G%205%20GAB-PEX-11-B%20V2%20CUERPO.SLDPRT", "bill_of_materials": [{"default_code": 20013, "product_qty": 1.1209409240831998}]}}
2024-04-08 14:23:11.236221 Request failed. Error status: <Response [404]>
2024-04-08 14:23:11.238220 {"params": {"name": "1 03625 GAB-PEX-XX-B V2 L SOP CABLES", "default_code": 5002, "product_tag_ids": "Piezas", "weight": 0.140462069, "gross_weight": 0.21592897542216002, "volume": 0.0179849, "superficie": "24791.24", "broad": 89.46, "long": 198.11, "categ_id": "Chapa Galvanizada SAE 1010", "thickness": 1.6, "sale_ok": "true", "purchase_ok": "false", "product_route": "file:///C:/Users/Usuario/Downloads/GAB-PEX-11/G%20GAB-PEX-11-B%20V2%20SOP%20IND.SLDPRT", "bill_of_materials": [{"default_code": 20013, "product_qty": 0.21592897542216002}]}}
2024-04-08 14:23:12.168612 Request failed. Error status: <Response [404]>
2024-04-08 14:23:12.168612 {"params": {"name": "1 03625 GAB-PEX-XX-B V2 L SOP CABLES", "default_code": 606248, "product_tag_ids": "Piezas", "weight": 1.2557830207999998, "gross_weight": 1.3500043603200003, "volume": 0.16079168, "superficie": "364663.19", "broad": 344.0, "long": 558.32, "categ_id": "Chapa Galvanizada SAE 1010", "thickness": 0.9, "sale_ok": "true", "purchase_ok": "false", "product_route": "file:///C:/Users/Usuario/Downloads/GAB-PEX-11/G%20GAB-PEX-11-B%20V2%20TAPA.SLDPRT", "bill_of_materials": [{"default_code": 20013, "product_qty": 1.3500043603200003}]}}
2024-04-08 14:23:12.996739 Request failed. Error status: <Response [404]>
Traceback (most recent call last):
  File "C:\Users\Usuario\Documents\Pedro\solid module\gui.py", line 613, in <module>
    app.mainloop()
  File "C:\Users\Usuario\AppData\Local\Programs\Python\Python312\Lib\tkinter\__init__.py", line 1499, in mainloop
    self.tk.mainloop(n)
KeyboardInterrupt
2024-04-08 14:24:54.550213 C:/Users/Usuario/Downloads/GAB-PEX-11
2024-04-08 14:24:55.643376 C:\SolidWorks Data\Envío de piezas a Odoo\main.swp
2024-04-08 14:24:58.830841 searching content in:  C:\SolidWorks Data\Envío de piezas a Odoo\\Error.txt
2024-04-08 14:24:58.830841 searching content in:  C:\SolidWorks Data\Envío de piezas a Odoo\\Volumen.txt
2024-04-08 14:24:58.830841 searching content in:  C:\SolidWorks Data\Envío de piezas a Odoo\\Superficie.txt
2024-04-08 14:24:58.830841 searching content in:  C:\SolidWorks Data\Envío de piezas a Odoo\\Ancho.txt
2024-04-08 14:24:58.830841 searching content in:  C:\SolidWorks Data\Envío de piezas a Odoo\\Largo.txt
2024-04-08 14:24:58.830841 searching content in:  C:\SolidWorks Data\Envío de piezas a Odoo\\Grosor.txt
2024-04-08 14:24:58.830841 volumen:  2226.43 superficie:  5149.63 ancho:  69.16 largo:  0.90 espesor:  36.0000
2024-04-08 14:24:58.846458 C:\SolidWorks Data\Envío de piezas a Odoo\main.swp
2024-04-08 14:25:08.330711 searching content in:  C:\SolidWorks Data\Envío de piezas a Odoo\\Error.txt
2024-04-08 14:25:08.330711 searching content in:  C:\SolidWorks Data\Envío de piezas a Odoo\\Volumen.txt
2024-04-08 14:25:08.330711 searching content in:  C:\SolidWorks Data\Envío de piezas a Odoo\\Superficie.txt
2024-04-08 14:25:08.346336 searching content in:  C:\SolidWorks Data\Envío de piezas a Odoo\\Ancho.txt
2024-04-08 14:25:08.346336 searching content in:  C:\SolidWorks Data\Envío de piezas a Odoo\\Largo.txt
2024-04-08 14:25:08.346336 searching content in:  C:\SolidWorks Data\Envío de piezas a Odoo\\Grosor.txt
2024-04-08 14:25:08.346336 volumen:  160791.68 superficie:  364663.19 ancho:  344.00 largo:  558.32 espesor:  0.9000
2024-04-08 14:25:08.361959 C:\SolidWorks Data\Envío de piezas a Odoo\main.swp
2024-04-08 14:25:14.065018 searching content in:  C:\SolidWorks Data\Envío de piezas a Odoo\\Error.txt
2024-04-08 14:25:14.065018 searching content in:  C:\SolidWorks Data\Envío de piezas a Odoo\\Volumen.txt
2024-04-08 14:25:14.065018 searching content in:  C:\SolidWorks Data\Envío de piezas a Odoo\\Superficie.txt
2024-04-08 14:25:14.065018 searching content in:  C:\SolidWorks Data\Envío de piezas a Odoo\\Ancho.txt
2024-04-08 14:25:14.065018 searching content in:  C:\SolidWorks Data\Envío de piezas a Odoo\\Largo.txt
2024-04-08 14:25:14.065018 searching content in:  C:\SolidWorks Data\Envío de piezas a Odoo\\Grosor.txt
2024-04-08 14:25:14.065018 volumen:  133419.77 superficie:  301092.89 ancho:  634.04 largo:  251.52 espesor:  0.9000
2024-04-08 14:25:14.080636 C:\SolidWorks Data\Envío de piezas a Odoo\main.swp
2024-04-08 14:25:17.580597 searching content in:  C:\SolidWorks Data\Envío de piezas a Odoo\\Error.txt
2024-04-08 14:25:17.580597 searching content in:  C:\SolidWorks Data\Envío de piezas a Odoo\\Volumen.txt
2024-04-08 14:25:17.580597 searching content in:  C:\SolidWorks Data\Envío de piezas a Odoo\\Superficie.txt
2024-04-08 14:25:17.580597 searching content in:  C:\SolidWorks Data\Envío de piezas a Odoo\\Ancho.txt
2024-04-08 14:25:17.580597 searching content in:  C:\SolidWorks Data\Envío de piezas a Odoo\\Largo.txt
2024-04-08 14:25:17.580597 searching content in:  C:\SolidWorks Data\Envío de piezas a Odoo\\Grosor.txt
2024-04-08 14:25:17.580597 volumen:  17984.90 superficie:  24791.24 ancho:  198.11 largo:  1.56 espesor:  89.4600
2024-04-08 14:25:17.596219 C:\SolidWorks Data\Envío de piezas a Odoo\main.swp
2024-04-08 14:25:27.799208 searching content in:  C:\SolidWorks Data\Envío de piezas a Odoo\\Error.txt
2024-04-08 14:25:27.799208 searching content in:  C:\SolidWorks Data\Envío de piezas a Odoo\\Volumen.txt
2024-04-08 14:25:27.799208 searching content in:  C:\SolidWorks Data\Envío de piezas a Odoo\\Superficie.txt
2024-04-08 14:25:27.799208 searching content in:  C:\SolidWorks Data\Envío de piezas a Odoo\\Ancho.txt
2024-04-08 14:25:27.799208 searching content in:  C:\SolidWorks Data\Envío de piezas a Odoo\\Largo.txt
2024-04-08 14:25:27.799208 searching content in:  C:\SolidWorks Data\Envío de piezas a Odoo\\Grosor.txt
2024-04-08 14:25:27.799208 volumen:  160791.68 superficie:  364663.19 ancho:  344.00 largo:  558.32 espesor:  0.9000
2024-04-08 14:25:27.799208 {"params": {"name": "1 03625 GAB-PEX-XX-B V2 L SOP CABLES", "default_code": 831191, "product_tag_ids": "Piezas", "weight": 0.0173884183, "gross_weight": 0.017500523039999997, "volume": 0.0022264299999999997, "superficie": "5149.63", "broad": 36.0, "long": 69.16, "categ_id": "Chapa Galvanizada SAE 1010", "thickness": 0.9, "sale_ok": "true", "purchase_ok": "false", "product_route": "file:///C:/Users/Usuario/Downloads/GAB-PEX-11/G%201%2003625%20GAB-PEX-XX-B%20V2%20L%20SOP%20CABLES.SLDPRT", "bill_of_materials": [{"default_code": 20013, "product_qty": 0.017500523039999997}]}}
2024-04-08 14:25:31.158539 Request failed. Error status: <Response [404]>
2024-04-08 14:25:31.158539 {"params": {"name": "1 03625 GAB-PEX-XX-B V2 L SOP CABLES", "default_code": 309258, "product_tag_ids": "Piezas", "weight": 1.2557830207999998, "gross_weight": 1.3500043603200003, "volume": 0.16079168, "superficie": "364663.19", "broad": 344.0, "long": 558.32, "categ_id": "Chapa Galvanizada SAE 1010", "thickness": 0.9, "sale_ok": "true", "purchase_ok": "false", "product_route": "file:///C:/Users/Usuario/Downloads/GAB-PEX-11/G%202%20GAB-PEX-11-B%20V2%20TAPA.SLDPRT", "bill_of_materials": [{"default_code": 20013, "product_qty": 1.3500043603200003}]}}
2024-04-08 14:25:31.971040 Request failed. Error status: <Response [404]>
2024-04-08 14:25:31.971040 {"params": {"name": "1 03625 GAB-PEX-XX-B V2 L SOP CABLES", "default_code": 965344, "product_tag_ids": "Piezas", "weight": 1.0420084037, "gross_weight": 1.1209409240831998, "volume": 0.13341977, "superficie": "301092.89", "broad": 251.52, "long": 634.04, "categ_id": "Chapa Galvanizada SAE 1010", "thickness": 0.9, "sale_ok": "true", "purchase_ok": "false", "product_route": "file:///C:/Users/Usuario/Downloads/GAB-PEX-11/G%205%20GAB-PEX-11-B%20V2%20CUERPO.SLDPRT", "bill_of_materials": [{"default_code": 20013, "product_qty": 1.1209409240831998}]}}
2024-04-08 14:25:32.721031 Request failed. Error status: <Response [404]>
2024-04-08 14:25:32.721031 {"params": {"name": "1 03625 GAB-PEX-XX-B V2 L SOP CABLES", "default_code": 475913, "product_tag_ids": "Piezas", "weight": 0.140462069, "gross_weight": 0.21592897542216002, "volume": 0.0179849, "superficie": "24791.24", "broad": 89.46, "long": 198.11, "categ_id": "Chapa Galvanizada SAE 1010", "thickness": 1.6, "sale_ok": "true", "purchase_ok": "false", "product_route": "file:///C:/Users/Usuario/Downloads/GAB-PEX-11/G%20GAB-PEX-11-B%20V2%20SOP%20IND.SLDPRT", "bill_of_materials": [{"default_code": 20013, "product_qty": 0.21592897542216002}]}}
2024-04-08 14:25:33.502270 Request failed. Error status: <Response [404]>
2024-04-08 14:25:33.502270 {"params": {"name": "1 03625 GAB-PEX-XX-B V2 L SOP CABLES", "default_code": 511196, "product_tag_ids": "Piezas", "weight": 1.2557830207999998, "gross_weight": 1.3500043603200003, "volume": 0.16079168, "superficie": "364663.19", "broad": 344.0, "long": 558.32, "categ_id": "Chapa Galvanizada SAE 1010", "thickness": 0.9, "sale_ok": "true", "purchase_ok": "false", "product_route": "file:///C:/Users/Usuario/Downloads/GAB-PEX-11/G%20GAB-PEX-11-B%20V2%20TAPA.SLDPRT", "bill_of_materials": [{"default_code": 20013, "product_qty": 1.3500043603200003}]}}
2024-04-08 14:25:34.299124 Request failed. Error status: <Response [404]>
Traceback (most recent call last):
  File "C:\Users\Usuario\Documents\Pedro\solid module\gui.py", line 613, in <module>
    app.mainloop()
  File "C:\Users\Usuario\AppData\Local\Programs\Python\Python312\Lib\tkinter\__init__.py", line 1499, in mainloop
    self.tk.mainloop(n)
KeyboardInterrupt
Traceback (most recent call last):
  File "gui.py", line 37, in <module>
  File "pandas\io\excel\_base.py", line 495, in read_excel
  File "pandas\io\excel\_base.py", line 1550, in __init__
  File "pandas\io\excel\_base.py", line 1402, in inspect_excel_format
  File "pandas\io\common.py", line 882, in get_handle
FileNotFoundError: [Errno 2] No such file or directory: 'espesores.xlsx'
2024-04-10 14:49:52.586994 C:/Users/Usuario/Downloads/GAB-PEX-11
2024-04-10 14:50:44.768733 C:\SolidWorks Data\Envío de piezas a Odoo\main.swp
2024-04-10 14:51:50.815609 searching content in:  C:\SolidWorks Data\Envío de piezas a Odoo\\Error.txt
2024-04-10 14:51:50.815609 searching content in:  C:\SolidWorks Data\Envío de piezas a Odoo\\Volumen.txt
2024-04-10 14:51:50.831234 searching content in:  C:\SolidWorks Data\Envío de piezas a Odoo\\Superficie.txt
2024-04-10 14:51:50.831234 searching content in:  C:\SolidWorks Data\Envío de piezas a Odoo\\Ancho.txt
2024-04-10 14:51:50.831234 searching content in:  C:\SolidWorks Data\Envío de piezas a Odoo\\Largo.txt
2024-04-10 14:51:50.831234 searching content in:  C:\SolidWorks Data\Envío de piezas a Odoo\\Grosor.txt
2024-04-10 14:51:50.831234 volumen:  2226.43 superficie:  5149.63 ancho:  69.16 largo:  0.90 espesor:  36.0000
2024-04-10 14:51:51.549983 C:\SolidWorks Data\Envío de piezas a Odoo\main.swp
2024-04-10 14:52:19.174984 searching content in:  C:\SolidWorks Data\Envío de piezas a Odoo\\Error.txt
2024-04-10 14:52:19.174984 searching content in:  C:\SolidWorks Data\Envío de piezas a Odoo\\Volumen.txt
2024-04-10 14:52:19.174984 searching content in:  C:\SolidWorks Data\Envío de piezas a Odoo\\Superficie.txt
2024-04-10 14:52:19.174984 searching content in:  C:\SolidWorks Data\Envío de piezas a Odoo\\Ancho.txt
2024-04-10 14:52:19.174984 searching content in:  C:\SolidWorks Data\Envío de piezas a Odoo\\Largo.txt
2024-04-10 14:52:19.174984 searching content in:  C:\SolidWorks Data\Envío de piezas a Odoo\\Grosor.txt
2024-04-10 14:52:19.174984 volumen:  160791.68 superficie:  364663.19 ancho:  344.00 largo:  558.32 espesor:  0.9000
2024-04-10 14:52:19.299983 C:\SolidWorks Data\Envío de piezas a Odoo\main.swp
2024-04-10 14:52:27.456235 searching content in:  C:\SolidWorks Data\Envío de piezas a Odoo\\Error.txt
2024-04-10 14:52:27.456235 searching content in:  C:\SolidWorks Data\Envío de piezas a Odoo\\Volumen.txt
2024-04-10 14:52:27.456235 searching content in:  C:\SolidWorks Data\Envío de piezas a Odoo\\Superficie.txt
2024-04-10 14:52:27.456235 searching content in:  C:\SolidWorks Data\Envío de piezas a Odoo\\Ancho.txt
2024-04-10 14:52:27.456235 searching content in:  C:\SolidWorks Data\Envío de piezas a Odoo\\Largo.txt
2024-04-10 14:52:27.456235 searching content in:  C:\SolidWorks Data\Envío de piezas a Odoo\\Grosor.txt
2024-04-10 14:52:27.456235 volumen:  133419.77 superficie:  301092.89 ancho:  634.04 largo:  251.52 espesor:  0.9000
2024-04-10 14:52:27.503109 C:\SolidWorks Data\Envío de piezas a Odoo\main.swp
2024-04-10 14:52:45.878113 searching content in:  C:\SolidWorks Data\Envío de piezas a Odoo\\Error.txt
2024-04-10 14:52:45.878113 searching content in:  C:\SolidWorks Data\Envío de piezas a Odoo\\Volumen.txt
2024-04-10 14:52:45.878113 searching content in:  C:\SolidWorks Data\Envío de piezas a Odoo\\Superficie.txt
2024-04-10 14:52:45.878113 searching content in:  C:\SolidWorks Data\Envío de piezas a Odoo\\Ancho.txt
2024-04-10 14:52:45.878113 searching content in:  C:\SolidWorks Data\Envío de piezas a Odoo\\Largo.txt
2024-04-10 14:52:45.878113 searching content in:  C:\SolidWorks Data\Envío de piezas a Odoo\\Grosor.txt
2024-04-10 14:52:45.878113 volumen:  17984.90 superficie:  24791.24 ancho:  198.11 largo:  1.56 espesor:  89.4600
2024-04-10 14:52:45.940608 C:\SolidWorks Data\Envío de piezas a Odoo\main.swp
2024-04-10 14:53:13.909358 searching content in:  C:\SolidWorks Data\Envío de piezas a Odoo\\Error.txt
2024-04-10 14:53:13.909358 searching content in:  C:\SolidWorks Data\Envío de piezas a Odoo\\Volumen.txt
2024-04-10 14:53:13.909358 searching content in:  C:\SolidWorks Data\Envío de piezas a Odoo\\Superficie.txt
2024-04-10 14:53:13.909358 searching content in:  C:\SolidWorks Data\Envío de piezas a Odoo\\Ancho.txt
2024-04-10 14:53:13.909358 searching content in:  C:\SolidWorks Data\Envío de piezas a Odoo\\Largo.txt
2024-04-10 14:53:13.909358 searching content in:  C:\SolidWorks Data\Envío de piezas a Odoo\\Grosor.txt
2024-04-10 14:53:13.909358 volumen:  160791.68 superficie:  364663.19 ancho:  344.00 largo:  558.32 espesor:  0.9000
2024-04-10 14:53:13.909358 {"params": {"name": "1 03625 GAB-PEX-XX-B V2 L SOP CABLES", "default_code": 658153, "product_tag_ids": "Piezas", "weight": 0.0173884183, "gross_weight": 0.017500523039999997, "volume": 0.0022264299999999997, "superficie": "5149.63", "broad": 36.0, "long": 69.16, "categ_id": "Chapa Galvanizada SAE 1010", "thickness": 0.9, "sale_ok": "true", "purchase_ok": "false", "product_route": "file:///C:/Users/Usuario/Downloads/GAB-PEX-11/G%201%2003625%20GAB-PEX-XX-B%20V2%20L%20SOP%20CABLES.SLDPRT", "bill_of_materials": [{"default_code": 20013, "product_qty": 0.017500523039999997}]}}
2024-04-10 14:53:14.471858 Request failed. Error message: Producto creado
2024-04-10 14:53:14.471858 {"params": {"name": "1 03625 GAB-PEX-XX-B V2 L SOP CABLES", "default_code": 675785, "product_tag_ids": "Piezas", "weight": 1.2557830207999998, "gross_weight": 1.3500043603200003, "volume": 0.16079168, "superficie": "364663.19", "broad": 344.0, "long": 558.32, "categ_id": "Chapa Galvanizada SAE 1010", "thickness": 0.9, "sale_ok": "true", "purchase_ok": "false", "product_route": "file:///C:/Users/Usuario/Downloads/GAB-PEX-11/G%202%20GAB-PEX-11-B%20V2%20TAPA.SLDPRT", "bill_of_materials": [{"default_code": 20013, "product_qty": 1.3500043603200003}]}}
2024-04-10 14:53:14.909359 Request failed. Error message: Producto creado
2024-04-10 14:53:14.909359 {"params": {"name": "1 03625 GAB-PEX-XX-B V2 L SOP CABLES", "default_code": 899920, "product_tag_ids": "Piezas", "weight": 1.0420084037, "gross_weight": 1.1209409240831998, "volume": 0.13341977, "superficie": "301092.89", "broad": 251.52, "long": 634.04, "categ_id": "Chapa Galvanizada SAE 1010", "thickness": 0.9, "sale_ok": "true", "purchase_ok": "false", "product_route": "file:///C:/Users/Usuario/Downloads/GAB-PEX-11/G%205%20GAB-PEX-11-B%20V2%20CUERPO.SLDPRT", "bill_of_materials": [{"default_code": 20013, "product_qty": 1.1209409240831998}]}}
2024-04-10 14:53:15.362483 Request failed. Error message: Producto creado
2024-04-10 14:53:15.362483 {"params": {"name": "1 03625 GAB-PEX-XX-B V2 L SOP CABLES", "default_code": 837978, "product_tag_ids": "Piezas", "weight": 0.140462069, "gross_weight": 0.21592897542216002, "volume": 0.0179849, "superficie": "24791.24", "broad": 89.46, "long": 198.11, "categ_id": "Chapa Galvanizada SAE 1010", "thickness": 1.6, "sale_ok": "true", "purchase_ok": "false", "product_route": "file:///C:/Users/Usuario/Downloads/GAB-PEX-11/G%20GAB-PEX-11-B%20V2%20SOP%20IND.SLDPRT", "bill_of_materials": [{"default_code": 20013, "product_qty": 0.21592897542216002}]}}
2024-04-10 14:53:15.784358 Request failed. Error message: Producto creado
2024-04-10 14:53:15.784358 {"params": {"name": "1 03625 GAB-PEX-XX-B V2 L SOP CABLES", "default_code": 819878, "product_tag_ids": "Piezas", "weight": 1.2557830207999998, "gross_weight": 1.3500043603200003, "volume": 0.16079168, "superficie": "364663.19", "broad": 344.0, "long": 558.32, "categ_id": "Chapa Galvanizada SAE 1010", "thickness": 0.9, "sale_ok": "true", "purchase_ok": "false", "product_route": "file:///C:/Users/Usuario/Downloads/GAB-PEX-11/G%20GAB-PEX-11-B%20V2%20TAPA.SLDPRT", "bill_of_materials": [{"default_code": 20013, "product_qty": 1.3500043603200003}]}}
2024-04-10 14:53:16.206235 Request failed. Error message: Producto creado
2024-04-10 15:08:34.554136 C:/Users/Usuario/Downloads/GAB-PEX-11
2024-04-10 15:08:35.657530 C:\SolidWorks Data\Envío de piezas a Odoo\main.swp
2024-04-10 15:08:43.908713 searching content in:  C:\SolidWorks Data\Envío de piezas a Odoo\\Error.txt
2024-04-10 15:08:43.908713 searching content in:  C:\SolidWorks Data\Envío de piezas a Odoo\\Volumen.txt
2024-04-10 15:08:43.909716 searching content in:  C:\SolidWorks Data\Envío de piezas a Odoo\\Superficie.txt
2024-04-10 15:08:43.909716 searching content in:  C:\SolidWorks Data\Envío de piezas a Odoo\\Ancho.txt
2024-04-10 15:08:43.909716 searching content in:  C:\SolidWorks Data\Envío de piezas a Odoo\\Largo.txt
2024-04-10 15:08:43.909716 searching content in:  C:\SolidWorks Data\Envío de piezas a Odoo\\Grosor.txt
2024-04-10 15:08:43.910715 volumen:  2226.43 superficie:  5149.63 ancho:  69.16 largo:  0.90 espesor:  36.0000
2024-04-10 15:08:43.973735 C:\SolidWorks Data\Envío de piezas a Odoo\main.swp
2024-04-10 15:08:54.976910 searching content in:  C:\SolidWorks Data\Envío de piezas a Odoo\\Error.txt
2024-04-10 15:08:54.976910 searching content in:  C:\SolidWorks Data\Envío de piezas a Odoo\\Volumen.txt
2024-04-10 15:08:54.977912 searching content in:  C:\SolidWorks Data\Envío de piezas a Odoo\\Superficie.txt
2024-04-10 15:08:54.977912 searching content in:  C:\SolidWorks Data\Envío de piezas a Odoo\\Ancho.txt
2024-04-10 15:08:54.977912 searching content in:  C:\SolidWorks Data\Envío de piezas a Odoo\\Largo.txt
2024-04-10 15:08:54.977912 searching content in:  C:\SolidWorks Data\Envío de piezas a Odoo\\Grosor.txt
2024-04-10 15:08:54.977912 volumen:  160791.68 superficie:  364663.19 ancho:  344.00 largo:  558.32 espesor:  0.9000
2024-04-10 15:08:55.026412 C:\SolidWorks Data\Envío de piezas a Odoo\main.swp
2024-04-10 15:09:01.116516 searching content in:  C:\SolidWorks Data\Envío de piezas a Odoo\\Error.txt
2024-04-10 15:09:01.117518 searching content in:  C:\SolidWorks Data\Envío de piezas a Odoo\\Volumen.txt
2024-04-10 15:09:01.117518 searching content in:  C:\SolidWorks Data\Envío de piezas a Odoo\\Superficie.txt
2024-04-10 15:09:01.117518 searching content in:  C:\SolidWorks Data\Envío de piezas a Odoo\\Ancho.txt
2024-04-10 15:09:01.117518 searching content in:  C:\SolidWorks Data\Envío de piezas a Odoo\\Largo.txt
2024-04-10 15:09:01.118516 searching content in:  C:\SolidWorks Data\Envío de piezas a Odoo\\Grosor.txt
2024-04-10 15:09:01.118516 volumen:  133419.77 superficie:  301092.89 ancho:  634.04 largo:  251.52 espesor:  0.9000
2024-04-10 15:09:01.171275 C:\SolidWorks Data\Envío de piezas a Odoo\main.swp
2024-04-10 15:09:04.951239 searching content in:  C:\SolidWorks Data\Envío de piezas a Odoo\\Error.txt
2024-04-10 15:09:04.951239 searching content in:  C:\SolidWorks Data\Envío de piezas a Odoo\\Volumen.txt
2024-04-10 15:09:04.952238 searching content in:  C:\SolidWorks Data\Envío de piezas a Odoo\\Superficie.txt
2024-04-10 15:09:04.952238 searching content in:  C:\SolidWorks Data\Envío de piezas a Odoo\\Ancho.txt
2024-04-10 15:09:04.952238 searching content in:  C:\SolidWorks Data\Envío de piezas a Odoo\\Largo.txt
2024-04-10 15:09:04.952238 searching content in:  C:\SolidWorks Data\Envío de piezas a Odoo\\Grosor.txt
2024-04-10 15:09:04.952238 volumen:  17984.90 superficie:  24791.24 ancho:  198.11 largo:  1.56 espesor:  89.4600
2024-04-10 15:09:04.985446 C:\SolidWorks Data\Envío de piezas a Odoo\main.swp
2024-04-10 15:09:15.686855 searching content in:  C:\SolidWorks Data\Envío de piezas a Odoo\\Error.txt
2024-04-10 15:09:15.687856 searching content in:  C:\SolidWorks Data\Envío de piezas a Odoo\\Volumen.txt
2024-04-10 15:09:15.687856 searching content in:  C:\SolidWorks Data\Envío de piezas a Odoo\\Superficie.txt
2024-04-10 15:09:15.687856 searching content in:  C:\SolidWorks Data\Envío de piezas a Odoo\\Ancho.txt
2024-04-10 15:09:15.687856 searching content in:  C:\SolidWorks Data\Envío de piezas a Odoo\\Largo.txt
2024-04-10 15:09:15.687856 searching content in:  C:\SolidWorks Data\Envío de piezas a Odoo\\Grosor.txt
2024-04-10 15:09:15.688854 volumen:  160791.68 superficie:  364663.19 ancho:  344.00 largo:  558.32 espesor:  0.9000
2024-04-10 15:09:15.691854 {"params": {"name": "1 03625 GAB-PEX-XX-B V2 L SOP CABLES", "default_code": 927270, "product_tag_ids": "Piezas", "weight": 0.0173884183, "gross_weight": 0.017500523039999997, "volume": 0.0022264299999999997, "superficie": "5149.63", "broad": 36.0, "long": 69.16, "categ_id": "Chapa Galvanizada SAE 1010", "thickness": 0.9, "sale_ok": "true", "purchase_ok": "false", "product_route": "file:///C:/Users/Usuario/Downloads/GAB-PEX-11/G%201%2003625%20GAB-PEX-XX-B%20V2%20L%20SOP%20CABLES.SLDPRT", "bill_of_materials": [{"default_code": 20013, "product_qty": 0.017500523039999997}]}}
2024-04-10 15:09:16.299594 Request failed. Error message: Producto creado
2024-04-10 15:09:16.300595 {"params": {"name": "1 03625 GAB-PEX-XX-B V2 L SOP CABLES", "default_code": 515680, "product_tag_ids": "Piezas", "weight": 1.2557830207999998, "gross_weight": 1.3500043603200003, "volume": 0.16079168, "superficie": "364663.19", "broad": 344.0, "long": 558.32, "categ_id": "Chapa Galvanizada SAE 1010", "thickness": 0.9, "sale_ok": "true", "purchase_ok": "false", "product_route": "file:///C:/Users/Usuario/Downloads/GAB-PEX-11/G%202%20GAB-PEX-11-B%20V2%20TAPA.SLDPRT", "bill_of_materials": [{"default_code": 20013, "product_qty": 1.3500043603200003}]}}
2024-04-10 15:09:16.817622 Request failed. Error message: Producto creado
2024-04-10 15:09:16.817622 {"params": {"name": "1 03625 GAB-PEX-XX-B V2 L SOP CABLES", "default_code": 967210, "product_tag_ids": "Piezas", "weight": 1.0420084037, "gross_weight": 1.1209409240831998, "volume": 0.13341977, "superficie": "301092.89", "broad": 251.52, "long": 634.04, "categ_id": "Chapa Galvanizada SAE 1010", "thickness": 0.9, "sale_ok": "true", "purchase_ok": "false", "product_route": "file:///C:/Users/Usuario/Downloads/GAB-PEX-11/G%205%20GAB-PEX-11-B%20V2%20CUERPO.SLDPRT", "bill_of_materials": [{"default_code": 20013, "product_qty": 1.1209409240831998}]}}
2024-04-10 15:09:17.278166 Request failed. Error message: Producto creado
2024-04-10 15:09:17.279167 {"params": {"name": "1 03625 GAB-PEX-XX-B V2 L SOP CABLES", "default_code": 54631, "product_tag_ids": "Piezas", "weight": 0.140462069, "gross_weight": 0.21592897542216002, "volume": 0.0179849, "superficie": "24791.24", "broad": 89.46, "long": 198.11, "categ_id": "Chapa Galvanizada SAE 1010", "thickness": 1.6, "sale_ok": "true", "purchase_ok": "false", "product_route": "file:///C:/Users/Usuario/Downloads/GAB-PEX-11/G%20GAB-PEX-11-B%20V2%20SOP%20IND.SLDPRT", "bill_of_materials": [{"default_code": 20013, "product_qty": 0.21592897542216002}]}}
2024-04-10 15:09:17.799235 Request failed. Error message: Producto creado
2024-04-10 15:09:17.800234 {"params": {"name": "1 03625 GAB-PEX-XX-B V2 L SOP CABLES", "default_code": 691918, "product_tag_ids": "Piezas", "weight": 1.2557830207999998, "gross_weight": 1.3500043603200003, "volume": 0.16079168, "superficie": "364663.19", "broad": 344.0, "long": 558.32, "categ_id": "Chapa Galvanizada SAE 1010", "thickness": 0.9, "sale_ok": "true", "purchase_ok": "false", "product_route": "file:///C:/Users/Usuario/Downloads/GAB-PEX-11/G%20GAB-PEX-11-B%20V2%20TAPA.SLDPRT", "bill_of_materials": [{"default_code": 20013, "product_qty": 1.3500043603200003}]}}
2024-04-10 15:09:18.260650 Request failed. Error message: Producto creado
2024-04-10 15:16:54.660964 C:/Users/Usuario/Downloads/GAB-PEX-11
2024-04-10 15:16:55.756999 C:\SolidWorks Data\Envío de piezas a Odoo\main.swp
2024-04-10 15:16:59.316484 searching content in:  C:\SolidWorks Data\Envío de piezas a Odoo\\Error.txt
2024-04-10 15:16:59.316484 searching content in:  C:\SolidWorks Data\Envío de piezas a Odoo\\Volumen.txt
2024-04-10 15:16:59.316484 searching content in:  C:\SolidWorks Data\Envío de piezas a Odoo\\Superficie.txt
2024-04-10 15:16:59.317485 searching content in:  C:\SolidWorks Data\Envío de piezas a Odoo\\Ancho.txt
2024-04-10 15:16:59.317485 searching content in:  C:\SolidWorks Data\Envío de piezas a Odoo\\Largo.txt
2024-04-10 15:16:59.317485 searching content in:  C:\SolidWorks Data\Envío de piezas a Odoo\\Grosor.txt
2024-04-10 15:16:59.317485 volumen:  2226.43 superficie:  5149.63 ancho:  69.16 largo:  0.90 espesor:  36.0000
2024-04-10 15:16:59.375785 C:\SolidWorks Data\Envío de piezas a Odoo\main.swp
2024-04-10 15:17:08.838891 searching content in:  C:\SolidWorks Data\Envío de piezas a Odoo\\Error.txt
2024-04-10 15:17:08.838891 searching content in:  C:\SolidWorks Data\Envío de piezas a Odoo\\Volumen.txt
2024-04-10 15:17:08.838891 searching content in:  C:\SolidWorks Data\Envío de piezas a Odoo\\Superficie.txt
2024-04-10 15:17:08.839893 searching content in:  C:\SolidWorks Data\Envío de piezas a Odoo\\Ancho.txt
2024-04-10 15:17:08.839893 searching content in:  C:\SolidWorks Data\Envío de piezas a Odoo\\Largo.txt
2024-04-10 15:17:08.839893 searching content in:  C:\SolidWorks Data\Envío de piezas a Odoo\\Grosor.txt
2024-04-10 15:17:08.839893 volumen:  160791.68 superficie:  364663.19 ancho:  344.00 largo:  558.32 espesor:  0.9000
2024-04-10 15:17:08.864967 C:\SolidWorks Data\Envío de piezas a Odoo\main.swp
2024-04-10 15:17:14.615314 searching content in:  C:\SolidWorks Data\Envío de piezas a Odoo\\Error.txt
2024-04-10 15:17:14.616314 searching content in:  C:\SolidWorks Data\Envío de piezas a Odoo\\Volumen.txt
2024-04-10 15:17:14.616314 searching content in:  C:\SolidWorks Data\Envío de piezas a Odoo\\Superficie.txt
2024-04-10 15:17:14.616314 searching content in:  C:\SolidWorks Data\Envío de piezas a Odoo\\Ancho.txt
2024-04-10 15:17:14.617316 searching content in:  C:\SolidWorks Data\Envío de piezas a Odoo\\Largo.txt
2024-04-10 15:17:14.617316 searching content in:  C:\SolidWorks Data\Envío de piezas a Odoo\\Grosor.txt
2024-04-10 15:17:14.617316 volumen:  133419.77 superficie:  301092.89 ancho:  634.04 largo:  251.52 espesor:  0.9000
2024-04-10 15:17:14.636932 C:\SolidWorks Data\Envío de piezas a Odoo\main.swp
2024-04-10 15:17:18.079654 searching content in:  C:\SolidWorks Data\Envío de piezas a Odoo\\Error.txt
2024-04-10 15:17:18.079654 searching content in:  C:\SolidWorks Data\Envío de piezas a Odoo\\Volumen.txt
2024-04-10 15:17:18.079654 searching content in:  C:\SolidWorks Data\Envío de piezas a Odoo\\Superficie.txt
2024-04-10 15:17:18.079654 searching content in:  C:\SolidWorks Data\Envío de piezas a Odoo\\Ancho.txt
2024-04-10 15:17:18.080657 searching content in:  C:\SolidWorks Data\Envío de piezas a Odoo\\Largo.txt
2024-04-10 15:17:18.080657 searching content in:  C:\SolidWorks Data\Envío de piezas a Odoo\\Grosor.txt
2024-04-10 15:17:18.080657 volumen:  17984.90 superficie:  24791.24 ancho:  198.11 largo:  1.56 espesor:  89.4600
2024-04-10 15:17:18.121921 C:\SolidWorks Data\Envío de piezas a Odoo\main.swp
2024-04-10 15:17:28.394105 searching content in:  C:\SolidWorks Data\Envío de piezas a Odoo\\Error.txt
2024-04-10 15:17:28.394105 searching content in:  C:\SolidWorks Data\Envío de piezas a Odoo\\Volumen.txt
2024-04-10 15:17:28.394105 searching content in:  C:\SolidWorks Data\Envío de piezas a Odoo\\Superficie.txt
2024-04-10 15:17:28.395105 searching content in:  C:\SolidWorks Data\Envío de piezas a Odoo\\Ancho.txt
2024-04-10 15:17:28.395105 searching content in:  C:\SolidWorks Data\Envío de piezas a Odoo\\Largo.txt
2024-04-10 15:17:28.395105 searching content in:  C:\SolidWorks Data\Envío de piezas a Odoo\\Grosor.txt
2024-04-10 15:17:28.395105 volumen:  160791.68 superficie:  364663.19 ancho:  344.00 largo:  558.32 espesor:  0.9000
2024-04-10 15:17:28.398104 {"params": {"name": "1 03625 GAB-PEX-XX-B V2 L SOP CABLES", "default_code": 877928, "product_tag_ids": "Piezas", "weight": 0.0173884183, "gross_weight": 0.017500523039999997, "volume": 0.0022264299999999997, "superficie": "5149.63", "broad": 36.0, "long": 69.16, "categ_id": "Chapa Galvanizada SAE 1010", "thickness": 0.9, "sale_ok": "true", "purchase_ok": "false", "product_route": "file:///C:/Users/Usuario/Downloads/GAB-PEX-11/G%201%2003625%20GAB-PEX-XX-B%20V2%20L%20SOP%20CABLES.SLDPRT", "bill_of_materials": [{"default_code": 20013, "product_qty": 0.017500523039999997}]}}
2024-04-10 15:17:28.877811 {"params": {"name": "1 03625 GAB-PEX-XX-B V2 L SOP CABLES", "default_code": 642459, "product_tag_ids": "Piezas", "weight": 1.2557830207999998, "gross_weight": 1.3500043603200003, "volume": 0.16079168, "superficie": "364663.19", "broad": 344.0, "long": 558.32, "categ_id": "Chapa Galvanizada SAE 1010", "thickness": 0.9, "sale_ok": "true", "purchase_ok": "false", "product_route": "file:///C:/Users/Usuario/Downloads/GAB-PEX-11/G%202%20GAB-PEX-11-B%20V2%20TAPA.SLDPRT", "bill_of_materials": [{"default_code": 20013, "product_qty": 1.3500043603200003}]}}
2024-04-10 15:17:29.316998 {"params": {"name": "1 03625 GAB-PEX-XX-B V2 L SOP CABLES", "default_code": 133892, "product_tag_ids": "Piezas", "weight": 1.0420084037, "gross_weight": 1.1209409240831998, "volume": 0.13341977, "superficie": "301092.89", "broad": 251.52, "long": 634.04, "categ_id": "Chapa Galvanizada SAE 1010", "thickness": 0.9, "sale_ok": "true", "purchase_ok": "false", "product_route": "file:///C:/Users/Usuario/Downloads/GAB-PEX-11/G%205%20GAB-PEX-11-B%20V2%20CUERPO.SLDPRT", "bill_of_materials": [{"default_code": 20013, "product_qty": 1.1209409240831998}]}}
2024-04-10 15:17:29.750761 {"params": {"name": "1 03625 GAB-PEX-XX-B V2 L SOP CABLES", "default_code": 831720, "product_tag_ids": "Piezas", "weight": 0.140462069, "gross_weight": 0.21592897542216002, "volume": 0.0179849, "superficie": "24791.24", "broad": 89.46, "long": 198.11, "categ_id": "Chapa Galvanizada SAE 1010", "thickness": 1.6, "sale_ok": "true", "purchase_ok": "false", "product_route": "file:///C:/Users/Usuario/Downloads/GAB-PEX-11/G%20GAB-PEX-11-B%20V2%20SOP%20IND.SLDPRT", "bill_of_materials": [{"default_code": 20013, "product_qty": 0.21592897542216002}]}}
2024-04-10 15:17:30.186390 {"params": {"name": "1 03625 GAB-PEX-XX-B V2 L SOP CABLES", "default_code": 871645, "product_tag_ids": "Piezas", "weight": 1.2557830207999998, "gross_weight": 1.3500043603200003, "volume": 0.16079168, "superficie": "364663.19", "broad": 344.0, "long": 558.32, "categ_id": "Chapa Galvanizada SAE 1010", "thickness": 0.9, "sale_ok": "true", "purchase_ok": "false", "product_route": "file:///C:/Users/Usuario/Downloads/GAB-PEX-11/G%20GAB-PEX-11-B%20V2%20TAPA.SLDPRT", "bill_of_materials": [{"default_code": 20013, "product_qty": 1.3500043603200003}]}}
2024-04-10 15:20:36.697633 C:/Users/Usuario/Downloads/GAB-PEX-11
2024-04-10 15:20:40.045439 C:\SolidWorks Data\Envío de piezas a Odoo\main.swp
2024-04-10 15:20:44.060570 searching content in:  C:\SolidWorks Data\Envío de piezas a Odoo\\Error.txt
2024-04-10 15:20:44.061571 searching content in:  C:\SolidWorks Data\Envío de piezas a Odoo\\Volumen.txt
2024-04-10 15:20:44.061571 searching content in:  C:\SolidWorks Data\Envío de piezas a Odoo\\Superficie.txt
2024-04-10 15:20:44.061571 searching content in:  C:\SolidWorks Data\Envío de piezas a Odoo\\Ancho.txt
2024-04-10 15:20:44.061571 searching content in:  C:\SolidWorks Data\Envío de piezas a Odoo\\Largo.txt
2024-04-10 15:20:44.061571 searching content in:  C:\SolidWorks Data\Envío de piezas a Odoo\\Grosor.txt
2024-04-10 15:20:44.062571 volumen:  2226.43 superficie:  5149.63 ancho:  69.16 largo:  0.90 espesor:  36.0000
2024-04-10 15:20:44.123722 C:\SolidWorks Data\Envío de piezas a Odoo\main.swp
2024-04-10 15:20:59.028489 searching content in:  C:\SolidWorks Data\Envío de piezas a Odoo\\Error.txt
2024-04-10 15:20:59.029489 searching content in:  C:\SolidWorks Data\Envío de piezas a Odoo\\Volumen.txt
2024-04-10 15:20:59.029489 searching content in:  C:\SolidWorks Data\Envío de piezas a Odoo\\Superficie.txt
2024-04-10 15:20:59.029489 searching content in:  C:\SolidWorks Data\Envío de piezas a Odoo\\Ancho.txt
2024-04-10 15:20:59.029489 searching content in:  C:\SolidWorks Data\Envío de piezas a Odoo\\Largo.txt
2024-04-10 15:20:59.029489 searching content in:  C:\SolidWorks Data\Envío de piezas a Odoo\\Grosor.txt
2024-04-10 15:20:59.030486 volumen:  160791.68 superficie:  364663.19 ancho:  344.00 largo:  558.32 espesor:  0.9000
2024-04-10 15:20:59.054194 C:\SolidWorks Data\Envío de piezas a Odoo\main.swp
2024-04-10 15:21:05.010688 searching content in:  C:\SolidWorks Data\Envío de piezas a Odoo\\Error.txt
2024-04-10 15:21:05.010688 searching content in:  C:\SolidWorks Data\Envío de piezas a Odoo\\Volumen.txt
2024-04-10 15:21:05.010688 searching content in:  C:\SolidWorks Data\Envío de piezas a Odoo\\Superficie.txt
2024-04-10 15:21:05.010688 searching content in:  C:\SolidWorks Data\Envío de piezas a Odoo\\Ancho.txt
2024-04-10 15:21:05.010688 searching content in:  C:\SolidWorks Data\Envío de piezas a Odoo\\Largo.txt
2024-04-10 15:21:05.010688 searching content in:  C:\SolidWorks Data\Envío de piezas a Odoo\\Grosor.txt
2024-04-10 15:21:05.010688 volumen:  133419.77 superficie:  301092.89 ancho:  634.04 largo:  251.52 espesor:  0.9000
2024-04-10 15:21:05.032781 C:\SolidWorks Data\Envío de piezas a Odoo\main.swp
2024-04-10 15:21:08.592734 searching content in:  C:\SolidWorks Data\Envío de piezas a Odoo\\Error.txt
2024-04-10 15:21:08.593735 searching content in:  C:\SolidWorks Data\Envío de piezas a Odoo\\Volumen.txt
2024-04-10 15:21:08.593735 searching content in:  C:\SolidWorks Data\Envío de piezas a Odoo\\Superficie.txt
2024-04-10 15:21:08.593735 searching content in:  C:\SolidWorks Data\Envío de piezas a Odoo\\Ancho.txt
2024-04-10 15:21:08.593735 searching content in:  C:\SolidWorks Data\Envío de piezas a Odoo\\Largo.txt
2024-04-10 15:21:08.594735 searching content in:  C:\SolidWorks Data\Envío de piezas a Odoo\\Grosor.txt
2024-04-10 15:21:08.594735 volumen:  17984.90 superficie:  24791.24 ancho:  198.11 largo:  1.56 espesor:  89.4600
2024-04-10 15:21:08.642898 C:\SolidWorks Data\Envío de piezas a Odoo\main.swp
2024-04-10 15:21:18.900764 searching content in:  C:\SolidWorks Data\Envío de piezas a Odoo\\Error.txt
2024-04-10 15:21:18.900764 searching content in:  C:\SolidWorks Data\Envío de piezas a Odoo\\Volumen.txt
2024-04-10 15:21:18.900764 searching content in:  C:\SolidWorks Data\Envío de piezas a Odoo\\Superficie.txt
2024-04-10 15:21:18.901766 searching content in:  C:\SolidWorks Data\Envío de piezas a Odoo\\Ancho.txt
2024-04-10 15:21:18.901766 searching content in:  C:\SolidWorks Data\Envío de piezas a Odoo\\Largo.txt
2024-04-10 15:21:18.901766 searching content in:  C:\SolidWorks Data\Envío de piezas a Odoo\\Grosor.txt
2024-04-10 15:21:18.901766 volumen:  160791.68 superficie:  364663.19 ancho:  344.00 largo:  558.32 espesor:  0.9000
2024-04-10 15:21:18.904728 {"params": {"name": "1 03625 GAB-PEX-XX-B V2 L SOP CABLES", "default_code": 166451, "product_tag_ids": "Piezas", "weight": 0.0173884183, "gross_weight": 0.017500523039999997, "volume": 0.0022264299999999997, "superficie": "5149.63", "broad": 36.0, "long": 69.16, "categ_id": "Chapa Galvanizada SAE 1010", "thickness": 0.9, "sale_ok": "true", "purchase_ok": "false", "product_route": "file:///C:/Users/Usuario/Downloads/GAB-PEX-11/G%201%2003625%20GAB-PEX-XX-B%20V2%20L%20SOP%20CABLES.SLDPRT", "bill_of_materials": [{"default_code": 20013, "product_qty": 0.017500523039999997}]}}
2024-04-10 15:21:19.377501 {"params": {"name": "1 03625 GAB-PEX-XX-B V2 L SOP CABLES", "default_code": 122515, "product_tag_ids": "Piezas", "weight": 1.2557830207999998, "gross_weight": 1.3500043603200003, "volume": 0.16079168, "superficie": "364663.19", "broad": 344.0, "long": 558.32, "categ_id": "Chapa Galvanizada SAE 1010", "thickness": 0.9, "sale_ok": "true", "purchase_ok": "false", "product_route": "file:///C:/Users/Usuario/Downloads/GAB-PEX-11/G%202%20GAB-PEX-11-B%20V2%20TAPA.SLDPRT", "bill_of_materials": [{"default_code": 20013, "product_qty": 1.3500043603200003}]}}
2024-04-10 15:21:19.809480 {"params": {"name": "1 03625 GAB-PEX-XX-B V2 L SOP CABLES", "default_code": 998664, "product_tag_ids": "Piezas", "weight": 1.0420084037, "gross_weight": 1.1209409240831998, "volume": 0.13341977, "superficie": "301092.89", "broad": 251.52, "long": 634.04, "categ_id": "Chapa Galvanizada SAE 1010", "thickness": 0.9, "sale_ok": "true", "purchase_ok": "false", "product_route": "file:///C:/Users/Usuario/Downloads/GAB-PEX-11/G%205%20GAB-PEX-11-B%20V2%20CUERPO.SLDPRT", "bill_of_materials": [{"default_code": 20013, "product_qty": 1.1209409240831998}]}}
2024-04-10 15:21:20.248976 {"params": {"name": "1 03625 GAB-PEX-XX-B V2 L SOP CABLES", "default_code": 871943, "product_tag_ids": "Piezas", "weight": 0.140462069, "gross_weight": 0.21592897542216002, "volume": 0.0179849, "superficie": "24791.24", "broad": 89.46, "long": 198.11, "categ_id": "Chapa Galvanizada SAE 1010", "thickness": 1.6, "sale_ok": "true", "purchase_ok": "false", "product_route": "file:///C:/Users/Usuario/Downloads/GAB-PEX-11/G%20GAB-PEX-11-B%20V2%20SOP%20IND.SLDPRT", "bill_of_materials": [{"default_code": 20013, "product_qty": 0.21592897542216002}]}}
2024-04-10 15:21:20.681585 {"params": {"name": "1 03625 GAB-PEX-XX-B V2 L SOP CABLES", "default_code": 586958, "product_tag_ids": "Piezas", "weight": 1.2557830207999998, "gross_weight": 1.3500043603200003, "volume": 0.16079168, "superficie": "364663.19", "broad": 344.0, "long": 558.32, "categ_id": "Chapa Galvanizada SAE 1010", "thickness": 0.9, "sale_ok": "true", "purchase_ok": "false", "product_route": "file:///C:/Users/Usuario/Downloads/GAB-PEX-11/G%20GAB-PEX-11-B%20V2%20TAPA.SLDPRT", "bill_of_materials": [{"default_code": 20013, "product_qty": 1.3500043603200003}]}}
2024-04-10 15:25:37.821891 C:/Users/Usuario/Downloads/GAB-PEX-11
2024-04-10 15:25:38.890949 C:\SolidWorks Data\Envío de piezas a Odoo\main.swp
2024-04-10 15:25:42.094074 searching content in:  C:\SolidWorks Data\Envío de piezas a Odoo\\Error.txt
2024-04-10 15:25:42.094074 searching content in:  C:\SolidWorks Data\Envío de piezas a Odoo\\Volumen.txt
2024-04-10 15:25:42.094074 searching content in:  C:\SolidWorks Data\Envío de piezas a Odoo\\Superficie.txt
2024-04-10 15:25:42.094074 searching content in:  C:\SolidWorks Data\Envío de piezas a Odoo\\Ancho.txt
2024-04-10 15:25:42.094074 searching content in:  C:\SolidWorks Data\Envío de piezas a Odoo\\Largo.txt
2024-04-10 15:25:42.094074 searching content in:  C:\SolidWorks Data\Envío de piezas a Odoo\\Grosor.txt
2024-04-10 15:25:42.094074 volumen:  2226.43 superficie:  5149.63 ancho:  69.16 largo:  0.90 espesor:  36.0000
2024-04-10 15:25:42.109699 C:\SolidWorks Data\Envío de piezas a Odoo\main.swp
2024-04-10 15:25:51.312831 searching content in:  C:\SolidWorks Data\Envío de piezas a Odoo\\Error.txt
2024-04-10 15:25:51.328449 searching content in:  C:\SolidWorks Data\Envío de piezas a Odoo\\Volumen.txt
2024-04-10 15:25:51.328449 searching content in:  C:\SolidWorks Data\Envío de piezas a Odoo\\Superficie.txt
2024-04-10 15:25:51.328449 searching content in:  C:\SolidWorks Data\Envío de piezas a Odoo\\Ancho.txt
2024-04-10 15:25:51.328449 searching content in:  C:\SolidWorks Data\Envío de piezas a Odoo\\Largo.txt
2024-04-10 15:25:51.328449 searching content in:  C:\SolidWorks Data\Envío de piezas a Odoo\\Grosor.txt
2024-04-10 15:25:51.328449 volumen:  160791.68 superficie:  364663.19 ancho:  344.00 largo:  558.32 espesor:  0.9000
2024-04-10 15:25:51.344075 C:\SolidWorks Data\Envío de piezas a Odoo\main.swp
2024-04-10 15:25:57.984703 searching content in:  C:\SolidWorks Data\Envío de piezas a Odoo\\Error.txt
2024-04-10 15:25:57.984703 searching content in:  C:\SolidWorks Data\Envío de piezas a Odoo\\Volumen.txt
2024-04-10 15:25:57.984703 searching content in:  C:\SolidWorks Data\Envío de piezas a Odoo\\Superficie.txt
2024-04-10 15:25:57.984703 searching content in:  C:\SolidWorks Data\Envío de piezas a Odoo\\Ancho.txt
2024-04-10 15:25:57.984703 searching content in:  C:\SolidWorks Data\Envío de piezas a Odoo\\Largo.txt
2024-04-10 15:25:57.984703 searching content in:  C:\SolidWorks Data\Envío de piezas a Odoo\\Grosor.txt
2024-04-10 15:25:57.984703 volumen:  133419.77 superficie:  301092.89 ancho:  634.04 largo:  251.52 espesor:  0.9000
2024-04-10 15:25:58.000324 C:\SolidWorks Data\Envío de piezas a Odoo\main.swp
2024-04-10 15:26:01.421098 searching content in:  C:\SolidWorks Data\Envío de piezas a Odoo\\Error.txt
2024-04-10 15:26:01.421098 searching content in:  C:\SolidWorks Data\Envío de piezas a Odoo\\Volumen.txt
2024-04-10 15:26:01.421098 searching content in:  C:\SolidWorks Data\Envío de piezas a Odoo\\Superficie.txt
2024-04-10 15:26:01.421098 searching content in:  C:\SolidWorks Data\Envío de piezas a Odoo\\Ancho.txt
2024-04-10 15:26:01.421098 searching content in:  C:\SolidWorks Data\Envío de piezas a Odoo\\Largo.txt
2024-04-10 15:26:01.421098 searching content in:  C:\SolidWorks Data\Envío de piezas a Odoo\\Grosor.txt
2024-04-10 15:26:01.421098 volumen:  17984.90 superficie:  24791.24 ancho:  198.11 largo:  1.56 espesor:  89.4600
2024-04-10 15:26:01.452347 C:\SolidWorks Data\Envío de piezas a Odoo\main.swp
2024-04-10 15:26:11.796100 searching content in:  C:\SolidWorks Data\Envío de piezas a Odoo\\Error.txt
2024-04-10 15:26:11.796100 searching content in:  C:\SolidWorks Data\Envío de piezas a Odoo\\Volumen.txt
2024-04-10 15:26:11.796100 searching content in:  C:\SolidWorks Data\Envío de piezas a Odoo\\Superficie.txt
2024-04-10 15:26:11.796100 searching content in:  C:\SolidWorks Data\Envío de piezas a Odoo\\Ancho.txt
2024-04-10 15:26:11.811723 searching content in:  C:\SolidWorks Data\Envío de piezas a Odoo\\Largo.txt
2024-04-10 15:26:11.811723 searching content in:  C:\SolidWorks Data\Envío de piezas a Odoo\\Grosor.txt
2024-04-10 15:26:11.811723 volumen:  160791.68 superficie:  364663.19 ancho:  344.00 largo:  558.32 espesor:  0.9000
2024-04-10 15:26:11.811723 {"params": {"name": "1 03625 GAB-PEX-XX-B V2 L SOP CABLES", "default_code": 647454, "product_tag_ids": "Piezas", "weight": 0.0173884183, "gross_weight": 0.017500523039999997, "volume": 0.0022264299999999997, "superficie": "5149.63", "broad": 36.0, "long": 69.16, "categ_id": "Chapa Galvanizada SAE 1010", "thickness": 0.9, "sale_ok": "true", "purchase_ok": "false", "product_route": "file:///C:/Users/Usuario/Downloads/GAB-PEX-11/G%201%2003625%20GAB-PEX-XX-B%20V2%20L%20SOP%20CABLES.SLDPRT", "bill_of_materials": [{"default_code": 20013, "product_qty": 0.017500523039999997}]}}
2024-04-10 15:26:12.280474 {"params": {"name": "1 03625 GAB-PEX-XX-B V2 L SOP CABLES", "default_code": 271267, "product_tag_ids": "Piezas", "weight": 1.2557830207999998, "gross_weight": 1.3500043603200003, "volume": 0.16079168, "superficie": "364663.19", "broad": 344.0, "long": 558.32, "categ_id": "Chapa Galvanizada SAE 1010", "thickness": 0.9, "sale_ok": "true", "purchase_ok": "false", "product_route": "file:///C:/Users/Usuario/Downloads/GAB-PEX-11/G%202%20GAB-PEX-11-B%20V2%20TAPA.SLDPRT", "bill_of_materials": [{"default_code": 20013, "product_qty": 1.3500043603200003}]}}
2024-04-10 15:26:12.717972 {"params": {"name": "1 03625 GAB-PEX-XX-B V2 L SOP CABLES", "default_code": 586626, "product_tag_ids": "Piezas", "weight": 1.0420084037, "gross_weight": 1.1209409240831998, "volume": 0.13341977, "superficie": "301092.89", "broad": 251.52, "long": 634.04, "categ_id": "Chapa Galvanizada SAE 1010", "thickness": 0.9, "sale_ok": "true", "purchase_ok": "false", "product_route": "file:///C:/Users/Usuario/Downloads/GAB-PEX-11/G%205%20GAB-PEX-11-B%20V2%20CUERPO.SLDPRT", "bill_of_materials": [{"default_code": 20013, "product_qty": 1.1209409240831998}]}}
2024-04-10 15:26:13.155472 {"params": {"name": "1 03625 GAB-PEX-XX-B V2 L SOP CABLES", "default_code": 155370, "product_tag_ids": "Piezas", "weight": 0.140462069, "gross_weight": 0.21592897542216002, "volume": 0.0179849, "superficie": "24791.24", "broad": 89.46, "long": 198.11, "categ_id": "Chapa Galvanizada SAE 1010", "thickness": 1.6, "sale_ok": "true", "purchase_ok": "false", "product_route": "file:///C:/Users/Usuario/Downloads/GAB-PEX-11/G%20GAB-PEX-11-B%20V2%20SOP%20IND.SLDPRT", "bill_of_materials": [{"default_code": 20013, "product_qty": 0.21592897542216002}]}}
2024-04-10 15:26:13.577355 {"params": {"name": "1 03625 GAB-PEX-XX-B V2 L SOP CABLES", "default_code": 792733, "product_tag_ids": "Piezas", "weight": 1.2557830207999998, "gross_weight": 1.3500043603200003, "volume": 0.16079168, "superficie": "364663.19", "broad": 344.0, "long": 558.32, "categ_id": "Chapa Galvanizada SAE 1010", "thickness": 0.9, "sale_ok": "true", "purchase_ok": "false", "product_route": "file:///C:/Users/Usuario/Downloads/GAB-PEX-11/G%20GAB-PEX-11-B%20V2%20TAPA.SLDPRT", "bill_of_materials": [{"default_code": 20013, "product_qty": 1.3500043603200003}]}}
2024-04-10 15:26:14.030473 C:\SolidWorks Data\Envío de piezas a Odoo\main.swp
2024-04-10 15:26:16.733605 searching content in:  C:\SolidWorks Data\Envío de piezas a Odoo\\Error.txt
2024-04-10 15:26:16.733605 searching content in:  C:\SolidWorks Data\Envío de piezas a Odoo\\Volumen.txt
2024-04-10 15:26:16.733605 searching content in:  C:\SolidWorks Data\Envío de piezas a Odoo\\Superficie.txt
Exception in Tkinter callback
Traceback (most recent call last):
  File "C:\Users\Usuario\AppData\Local\Programs\Python\Python312\Lib\tkinter\__init__.py", line 1962, in __call__
    return self.func(*args)
           ^^^^^^^^^^^^^^^^
  File "C:\Users\Usuario\Documents\Pedro\Solid Module\gui.py", line 584, in on_drop
    folder(folder_path)
  File "C:\Users\Usuario\Documents\Pedro\Solid Module\gui.py", line 488, in folder
    process_sldasm(sldasm_files, folder_path)
  File "C:\Users\Usuario\Documents\Pedro\Solid Module\gui.py", line 259, in process_sldasm
    superficie += pieza["superficie"]
TypeError: unsupported operand type(s) for +=: 'int' and 'str'
2024-04-10 15:29:00.005575 C:/Users/Usuario/Downloads/GAB-PEX-11
2024-04-10 15:29:01.102384 C:\SolidWorks Data\Envío de piezas a Odoo\main.swp
2024-04-10 15:29:04.399259 searching content in:  C:\SolidWorks Data\Envío de piezas a Odoo\\Error.txt
2024-04-10 15:29:04.399259 searching content in:  C:\SolidWorks Data\Envío de piezas a Odoo\\Volumen.txt
2024-04-10 15:29:04.399259 searching content in:  C:\SolidWorks Data\Envío de piezas a Odoo\\Superficie.txt
2024-04-10 15:29:04.399259 searching content in:  C:\SolidWorks Data\Envío de piezas a Odoo\\Ancho.txt
2024-04-10 15:29:04.399259 searching content in:  C:\SolidWorks Data\Envío de piezas a Odoo\\Largo.txt
2024-04-10 15:29:04.399259 searching content in:  C:\SolidWorks Data\Envío de piezas a Odoo\\Grosor.txt
2024-04-10 15:29:04.399259 volumen:  2226.43 superficie:  5149.63 ancho:  69.16 largo:  0.90 espesor:  36.0000
2024-04-10 15:29:04.414885 C:\SolidWorks Data\Envío de piezas a Odoo\main.swp
2024-04-10 15:29:13.680516 searching content in:  C:\SolidWorks Data\Envío de piezas a Odoo\\Error.txt
2024-04-10 15:29:13.680516 searching content in:  C:\SolidWorks Data\Envío de piezas a Odoo\\Volumen.txt
2024-04-10 15:29:13.680516 searching content in:  C:\SolidWorks Data\Envío de piezas a Odoo\\Superficie.txt
2024-04-10 15:29:13.680516 searching content in:  C:\SolidWorks Data\Envío de piezas a Odoo\\Ancho.txt
2024-04-10 15:29:13.680516 searching content in:  C:\SolidWorks Data\Envío de piezas a Odoo\\Largo.txt
2024-04-10 15:29:13.680516 searching content in:  C:\SolidWorks Data\Envío de piezas a Odoo\\Grosor.txt
2024-04-10 15:29:13.680516 volumen:  160791.68 superficie:  364663.19 ancho:  344.00 largo:  558.32 espesor:  0.9000
2024-04-10 15:29:13.696135 C:\SolidWorks Data\Envío de piezas a Odoo\main.swp
2024-04-10 15:29:19.243009 searching content in:  C:\SolidWorks Data\Envío de piezas a Odoo\\Error.txt
2024-04-10 15:29:19.243009 searching content in:  C:\SolidWorks Data\Envío de piezas a Odoo\\Volumen.txt
2024-04-10 15:29:19.243009 searching content in:  C:\SolidWorks Data\Envío de piezas a Odoo\\Superficie.txt
2024-04-10 15:29:19.243009 searching content in:  C:\SolidWorks Data\Envío de piezas a Odoo\\Ancho.txt
2024-04-10 15:29:19.243009 searching content in:  C:\SolidWorks Data\Envío de piezas a Odoo\\Largo.txt
2024-04-10 15:29:19.243009 searching content in:  C:\SolidWorks Data\Envío de piezas a Odoo\\Grosor.txt
2024-04-10 15:29:19.243009 volumen:  133419.77 superficie:  301092.89 ancho:  634.04 largo:  251.52 espesor:  0.9000
2024-04-10 15:29:19.258634 C:\SolidWorks Data\Envío de piezas a Odoo\main.swp
2024-04-10 15:29:22.618009 searching content in:  C:\SolidWorks Data\Envío de piezas a Odoo\\Error.txt
2024-04-10 15:29:22.618009 searching content in:  C:\SolidWorks Data\Envío de piezas a Odoo\\Volumen.txt
2024-04-10 15:29:22.618009 searching content in:  C:\SolidWorks Data\Envío de piezas a Odoo\\Superficie.txt
2024-04-10 15:29:22.618009 searching content in:  C:\SolidWorks Data\Envío de piezas a Odoo\\Ancho.txt
2024-04-10 15:29:22.618009 searching content in:  C:\SolidWorks Data\Envío de piezas a Odoo\\Largo.txt
2024-04-10 15:29:22.618009 searching content in:  C:\SolidWorks Data\Envío de piezas a Odoo\\Grosor.txt
2024-04-10 15:29:22.618009 volumen:  17984.90 superficie:  24791.24 ancho:  198.11 largo:  1.56 espesor:  89.4600
2024-04-10 15:29:22.633633 C:\SolidWorks Data\Envío de piezas a Odoo\main.swp
2024-04-10 15:29:32.446134 searching content in:  C:\SolidWorks Data\Envío de piezas a Odoo\\Error.txt
2024-04-10 15:29:32.446134 searching content in:  C:\SolidWorks Data\Envío de piezas a Odoo\\Volumen.txt
2024-04-10 15:29:32.446134 searching content in:  C:\SolidWorks Data\Envío de piezas a Odoo\\Superficie.txt
2024-04-10 15:29:32.446134 searching content in:  C:\SolidWorks Data\Envío de piezas a Odoo\\Ancho.txt
2024-04-10 15:29:32.446134 searching content in:  C:\SolidWorks Data\Envío de piezas a Odoo\\Largo.txt
2024-04-10 15:29:32.446134 searching content in:  C:\SolidWorks Data\Envío de piezas a Odoo\\Grosor.txt
2024-04-10 15:29:32.446134 volumen:  160791.68 superficie:  364663.19 ancho:  344.00 largo:  558.32 espesor:  0.9000
2024-04-10 15:29:32.446134 {"params": {"name": "1 03625 GAB-PEX-XX-B V2 L SOP CABLES", "default_code": 501436, "product_tag_ids": "Piezas", "weight": 0.0173884183, "gross_weight": 0.017500523039999997, "volume": 0.0022264299999999997, "superficie": "5149.63", "broad": 36.0, "long": 69.16, "categ_id": "Chapa Galvanizada SAE 1010", "thickness": 0.9, "sale_ok": "true", "purchase_ok": "false", "product_route": "file:///C:/Users/Usuario/Downloads/GAB-PEX-11/G%201%2003625%20GAB-PEX-XX-B%20V2%20L%20SOP%20CABLES.SLDPRT", "bill_of_materials": [{"default_code": 20013, "product_qty": 0.017500523039999997}]}}
2024-04-10 15:29:32.914898 {"params": {"name": "1 03625 GAB-PEX-XX-B V2 L SOP CABLES", "default_code": 438614, "product_tag_ids": "Piezas", "weight": 1.2557830207999998, "gross_weight": 1.3500043603200003, "volume": 0.16079168, "superficie": "364663.19", "broad": 344.0, "long": 558.32, "categ_id": "Chapa Galvanizada SAE 1010", "thickness": 0.9, "sale_ok": "true", "purchase_ok": "false", "product_route": "file:///C:/Users/Usuario/Downloads/GAB-PEX-11/G%202%20GAB-PEX-11-B%20V2%20TAPA.SLDPRT", "bill_of_materials": [{"default_code": 20013, "product_qty": 1.3500043603200003}]}}
2024-04-10 15:29:33.352392 {"params": {"name": "1 03625 GAB-PEX-XX-B V2 L SOP CABLES", "default_code": 167683, "product_tag_ids": "Piezas", "weight": 1.0420084037, "gross_weight": 1.1209409240831998, "volume": 0.13341977, "superficie": "301092.89", "broad": 251.52, "long": 634.04, "categ_id": "Chapa Galvanizada SAE 1010", "thickness": 0.9, "sale_ok": "true", "purchase_ok": "false", "product_route": "file:///C:/Users/Usuario/Downloads/GAB-PEX-11/G%205%20GAB-PEX-11-B%20V2%20CUERPO.SLDPRT", "bill_of_materials": [{"default_code": 20013, "product_qty": 1.1209409240831998}]}}
2024-04-10 15:29:33.789897 {"params": {"name": "1 03625 GAB-PEX-XX-B V2 L SOP CABLES", "default_code": 847627, "product_tag_ids": "Piezas", "weight": 0.140462069, "gross_weight": 0.21592897542216002, "volume": 0.0179849, "superficie": "24791.24", "broad": 89.46, "long": 198.11, "categ_id": "Chapa Galvanizada SAE 1010", "thickness": 1.6, "sale_ok": "true", "purchase_ok": "false", "product_route": "file:///C:/Users/Usuario/Downloads/GAB-PEX-11/G%20GAB-PEX-11-B%20V2%20SOP%20IND.SLDPRT", "bill_of_materials": [{"default_code": 20013, "product_qty": 0.21592897542216002}]}}
2024-04-10 15:29:34.227397 {"params": {"name": "1 03625 GAB-PEX-XX-B V2 L SOP CABLES", "default_code": 796304, "product_tag_ids": "Piezas", "weight": 1.2557830207999998, "gross_weight": 1.3500043603200003, "volume": 0.16079168, "superficie": "364663.19", "broad": 344.0, "long": 558.32, "categ_id": "Chapa Galvanizada SAE 1010", "thickness": 0.9, "sale_ok": "true", "purchase_ok": "false", "product_route": "file:///C:/Users/Usuario/Downloads/GAB-PEX-11/G%20GAB-PEX-11-B%20V2%20TAPA.SLDPRT", "bill_of_materials": [{"default_code": 20013, "product_qty": 1.3500043603200003}]}}
2024-04-10 15:29:34.696141 C:\SolidWorks Data\Envío de piezas a Odoo\main.swp
2024-04-10 15:29:36.321141 searching content in:  C:\SolidWorks Data\Envío de piezas a Odoo\\Error.txt
2024-04-10 15:29:36.321141 searching content in:  C:\SolidWorks Data\Envío de piezas a Odoo\\Volumen.txt
2024-04-10 15:29:36.321141 searching content in:  C:\SolidWorks Data\Envío de piezas a Odoo\\Superficie.txt
Exception in Tkinter callback
Traceback (most recent call last):
  File "C:\Users\Usuario\AppData\Local\Programs\Python\Python312\Lib\tkinter\__init__.py", line 1962, in __call__
    return self.func(*args)
           ^^^^^^^^^^^^^^^^
  File "C:\Users\Usuario\Documents\Pedro\Solid Module\gui.py", line 584, in on_drop
    folder(folder_path)
  File "C:\Users\Usuario\Documents\Pedro\Solid Module\gui.py", line 488, in folder
    process_sldasm(sldasm_files, folder_path)
  File "C:\Users\Usuario\Documents\Pedro\Solid Module\gui.py", line 259, in process_sldasm
    superficie += pieza["superficie"]
TypeError: unsupported operand type(s) for +=: 'int' and 'str'
Traceback (most recent call last):
  File "C:\Users\Usuario\AppData\Local\Programs\Python\Python312\Lib\site-packages\pandas\compat\_optional.py", line 135, in import_optional_dependency
    module = importlib.import_module(name)
             ^^^^^^^^^^^^^^^^^^^^^^^^^^^^^
  File "C:\Users\Usuario\AppData\Local\Programs\Python\Python312\Lib\importlib\__init__.py", line 90, in import_module
    return _bootstrap._gcd_import(name[level:], package, level)
           ^^^^^^^^^^^^^^^^^^^^^^^^^^^^^^^^^^^^^^^^^^^^^^^^^^^^
  File "<frozen importlib._bootstrap>", line 1387, in _gcd_import
  File "<frozen importlib._bootstrap>", line 1360, in _find_and_load
  File "<frozen importlib._bootstrap>", line 1324, in _find_and_load_unlocked
ModuleNotFoundError: No module named 'openpyxl'

During handling of the above exception, another exception occurred:

Traceback (most recent call last):
  File "C:\Users\Usuario\Downloads\Solid Module - copia\gui.py", line 40, in <module>
    espesores = pd.read_excel("espesores.xlsx")
                ^^^^^^^^^^^^^^^^^^^^^^^^^^^^^^^
  File "C:\Users\Usuario\AppData\Local\Programs\Python\Python312\Lib\site-packages\pandas\io\excel\_base.py", line 495, in read_excel
    io = ExcelFile(
         ^^^^^^^^^^
  File "C:\Users\Usuario\AppData\Local\Programs\Python\Python312\Lib\site-packages\pandas\io\excel\_base.py", line 1567, in __init__
    self._reader = self._engines[engine](
                   ^^^^^^^^^^^^^^^^^^^^^^
  File "C:\Users\Usuario\AppData\Local\Programs\Python\Python312\Lib\site-packages\pandas\io\excel\_openpyxl.py", line 552, in __init__
    import_optional_dependency("openpyxl")
  File "C:\Users\Usuario\AppData\Local\Programs\Python\Python312\Lib\site-packages\pandas\compat\_optional.py", line 138, in import_optional_dependency
    raise ImportError(msg)
ImportError: Missing optional dependency 'openpyxl'.  Use pip or conda to install openpyxl.
Traceback (most recent call last):
  File "C:\Users\Usuario\AppData\Local\Programs\Python\Python312\Lib\site-packages\pandas\compat\_optional.py", line 135, in import_optional_dependency
    module = importlib.import_module(name)
             ^^^^^^^^^^^^^^^^^^^^^^^^^^^^^
  File "C:\Users\Usuario\AppData\Local\Programs\Python\Python312\Lib\importlib\__init__.py", line 90, in import_module
    return _bootstrap._gcd_import(name[level:], package, level)
           ^^^^^^^^^^^^^^^^^^^^^^^^^^^^^^^^^^^^^^^^^^^^^^^^^^^^
  File "<frozen importlib._bootstrap>", line 1387, in _gcd_import
  File "<frozen importlib._bootstrap>", line 1360, in _find_and_load
  File "<frozen importlib._bootstrap>", line 1324, in _find_and_load_unlocked
ModuleNotFoundError: No module named 'openpyxl'

During handling of the above exception, another exception occurred:

Traceback (most recent call last):
  File "C:\Users\Usuario\Downloads\Solid Module - copia\gui.py", line 40, in <module>
    espesores = pd.read_excel("espesores.xlsx")
                ^^^^^^^^^^^^^^^^^^^^^^^^^^^^^^^
  File "C:\Users\Usuario\AppData\Local\Programs\Python\Python312\Lib\site-packages\pandas\io\excel\_base.py", line 495, in read_excel
    io = ExcelFile(
         ^^^^^^^^^^
  File "C:\Users\Usuario\AppData\Local\Programs\Python\Python312\Lib\site-packages\pandas\io\excel\_base.py", line 1567, in __init__
    self._reader = self._engines[engine](
                   ^^^^^^^^^^^^^^^^^^^^^^
  File "C:\Users\Usuario\AppData\Local\Programs\Python\Python312\Lib\site-packages\pandas\io\excel\_openpyxl.py", line 552, in __init__
    import_optional_dependency("openpyxl")
  File "C:\Users\Usuario\AppData\Local\Programs\Python\Python312\Lib\site-packages\pandas\compat\_optional.py", line 138, in import_optional_dependency
    raise ImportError(msg)
ImportError: Missing optional dependency 'openpyxl'.  Use pip or conda to install openpyxl.
Traceback (most recent call last):
  File "C:\Users\Usuario\AppData\Local\Programs\Python\Python312\Lib\site-packages\pandas\compat\_optional.py", line 135, in import_optional_dependency
    module = importlib.import_module(name)
             ^^^^^^^^^^^^^^^^^^^^^^^^^^^^^
  File "C:\Users\Usuario\AppData\Local\Programs\Python\Python312\Lib\importlib\__init__.py", line 90, in import_module
    return _bootstrap._gcd_import(name[level:], package, level)
           ^^^^^^^^^^^^^^^^^^^^^^^^^^^^^^^^^^^^^^^^^^^^^^^^^^^^
  File "<frozen importlib._bootstrap>", line 1387, in _gcd_import
  File "<frozen importlib._bootstrap>", line 1360, in _find_and_load
  File "<frozen importlib._bootstrap>", line 1324, in _find_and_load_unlocked
ModuleNotFoundError: No module named 'openpyxl'

During handling of the above exception, another exception occurred:

Traceback (most recent call last):
  File "C:\Users\Usuario\Downloads\Solid Module - copia\gui.py", line 40, in <module>
    espesores = pd.read_excel("espesores.xlsx")
                ^^^^^^^^^^^^^^^^^^^^^^^^^^^^^^^
  File "C:\Users\Usuario\AppData\Local\Programs\Python\Python312\Lib\site-packages\pandas\io\excel\_base.py", line 495, in read_excel
    io = ExcelFile(
         ^^^^^^^^^^
  File "C:\Users\Usuario\AppData\Local\Programs\Python\Python312\Lib\site-packages\pandas\io\excel\_base.py", line 1567, in __init__
    self._reader = self._engines[engine](
                   ^^^^^^^^^^^^^^^^^^^^^^
  File "C:\Users\Usuario\AppData\Local\Programs\Python\Python312\Lib\site-packages\pandas\io\excel\_openpyxl.py", line 552, in __init__
    import_optional_dependency("openpyxl")
  File "C:\Users\Usuario\AppData\Local\Programs\Python\Python312\Lib\site-packages\pandas\compat\_optional.py", line 138, in import_optional_dependency
    raise ImportError(msg)
ImportError: Missing optional dependency 'openpyxl'.  Use pip or conda to install openpyxl.
Traceback (most recent call last):
  File "C:\Users\Usuario\AppData\Local\Programs\Python\Python312\Lib\site-packages\pandas\compat\_optional.py", line 135, in import_optional_dependency
    module = importlib.import_module(name)
             ^^^^^^^^^^^^^^^^^^^^^^^^^^^^^
  File "C:\Users\Usuario\AppData\Local\Programs\Python\Python312\Lib\importlib\__init__.py", line 90, in import_module
    return _bootstrap._gcd_import(name[level:], package, level)
           ^^^^^^^^^^^^^^^^^^^^^^^^^^^^^^^^^^^^^^^^^^^^^^^^^^^^
  File "<frozen importlib._bootstrap>", line 1387, in _gcd_import
  File "<frozen importlib._bootstrap>", line 1360, in _find_and_load
  File "<frozen importlib._bootstrap>", line 1324, in _find_and_load_unlocked
ModuleNotFoundError: No module named 'openpyxl'

During handling of the above exception, another exception occurred:

Traceback (most recent call last):
  File "C:\Users\Usuario\Downloads\Solid Module - copia\gui.py", line 40, in <module>
    espesores = pd.read_excel("espesores.xlsx")
                ^^^^^^^^^^^^^^^^^^^^^^^^^^^^^^^
  File "C:\Users\Usuario\AppData\Local\Programs\Python\Python312\Lib\site-packages\pandas\io\excel\_base.py", line 495, in read_excel
    io = ExcelFile(
         ^^^^^^^^^^
  File "C:\Users\Usuario\AppData\Local\Programs\Python\Python312\Lib\site-packages\pandas\io\excel\_base.py", line 1567, in __init__
    self._reader = self._engines[engine](
                   ^^^^^^^^^^^^^^^^^^^^^^
  File "C:\Users\Usuario\AppData\Local\Programs\Python\Python312\Lib\site-packages\pandas\io\excel\_openpyxl.py", line 552, in __init__
    import_optional_dependency("openpyxl")
  File "C:\Users\Usuario\AppData\Local\Programs\Python\Python312\Lib\site-packages\pandas\compat\_optional.py", line 138, in import_optional_dependency
    raise ImportError(msg)
ImportError: Missing optional dependency 'openpyxl'.  Use pip or conda to install openpyxl.
Traceback (most recent call last):
  File "gui.py", line 40, in <module>
  File "pandas\io\excel\_base.py", line 495, in read_excel
  File "pandas\io\excel\_base.py", line 1550, in __init__
  File "pandas\io\excel\_base.py", line 1402, in inspect_excel_format
  File "pandas\io\common.py", line 882, in get_handle
FileNotFoundError: [Errno 2] No such file or directory: 'espesores.xlsx'
2024-05-03 16:47:43.624351 C:/Users/Usuario/Pictures/10496 Cargador de Batería
2024-05-03 16:47:44.697456 C:\SolidWorks Data\Envío de piezas a Odoo\main.swp
2024-05-03 16:47:47.869364 searching content in:  C:\SolidWorks Data\Envío de piezas a Odoo\\Error.txt
2024-05-03 16:47:47.869364 searching content in:  C:\SolidWorks Data\Envío de piezas a Odoo\\Volumen.txt
2024-05-03 16:47:47.869364 searching content in:  C:\SolidWorks Data\Envío de piezas a Odoo\\Superficie.txt
2024-05-03 16:47:47.869364 searching content in:  C:\SolidWorks Data\Envío de piezas a Odoo\\Ancho.txt
2024-05-03 16:47:47.869364 searching content in:  C:\SolidWorks Data\Envío de piezas a Odoo\\Largo.txt
2024-05-03 16:47:47.869364 searching content in:  C:\SolidWorks Data\Envío de piezas a Odoo\\Grosor.txt
2024-05-03 16:47:47.869364 archivo: 2 G 10498 Espadalda Cargador de Bateriaa.SLDPRT volumen:  52772.28 superficie:  92021.95 ancho:  315.22 largo:  1.20 espesor:  150.0000
2 G 10498 Espadalda Cargador de Bateriaa.SLDPRT is digit
1.2
   ESPESOR MATERIAL  INSUMO
0     1.60        N   10013
1     1.60        G   20013
2     2.14        N   10013
3     0.90        G   20013
inusmoo []
Error al encontrar el insumo de la pieza 2 G 10498 Espadalda Cargador de Bateriaa.SLDPRT, por favor verifique que está cargado en el archivo de insumos correctamente: can only convert an array of size 1 to a Python scalar
2024-05-03 16:49:40.168229 Z:/Oficina Tecnica/Productos Propios/07971 Puerta pileta
2024-05-03 16:49:41.259168 C:\SolidWorks Data\Envío de piezas a Odoo\main.swp
2024-05-03 16:49:44.337263 searching content in:  C:\SolidWorks Data\Envío de piezas a Odoo\\Error.txt
2024-05-03 16:49:44.337263 searching content in:  C:\SolidWorks Data\Envío de piezas a Odoo\\Volumen.txt
2024-05-03 16:49:44.337263 searching content in:  C:\SolidWorks Data\Envío de piezas a Odoo\\Superficie.txt
2024-05-03 16:49:44.337263 searching content in:  C:\SolidWorks Data\Envío de piezas a Odoo\\Ancho.txt
2024-05-03 16:49:44.337263 searching content in:  C:\SolidWorks Data\Envío de piezas a Odoo\\Largo.txt
2024-05-03 16:49:44.337263 searching content in:  C:\SolidWorks Data\Envío de piezas a Odoo\\Grosor.txt
2024-05-03 16:49:44.337263 archivo: 07972 Pasador planchuela.SLDPRT volumen:  2348.13 superficie:  1621.54 ancho:  20.00 largo:  4.70 espesor:  30.0000
07972 Pasador planchuela.SLDPRT is digit
2024-05-03 16:54:01.211987 Z:/Oficina Tecnica/Productos Propios/07971 Puerta pileta
2024-05-03 16:54:02.290794 C:\SolidWorks Data\Envío de piezas a Odoo\main.swp
2024-05-03 16:54:05.228233 searching content in:  C:\SolidWorks Data\Envío de piezas a Odoo\\Error.txt
2024-05-03 16:54:05.228233 searching content in:  C:\SolidWorks Data\Envío de piezas a Odoo\\Volumen.txt
2024-05-03 16:54:05.228233 searching content in:  C:\SolidWorks Data\Envío de piezas a Odoo\\Superficie.txt
2024-05-03 16:54:05.228233 searching content in:  C:\SolidWorks Data\Envío de piezas a Odoo\\Ancho.txt
2024-05-03 16:54:05.228233 searching content in:  C:\SolidWorks Data\Envío de piezas a Odoo\\Largo.txt
2024-05-03 16:54:05.228233 searching content in:  C:\SolidWorks Data\Envío de piezas a Odoo\\Grosor.txt
2024-05-03 16:54:05.228233 archivo: 07972 Pasador planchuela.SLDPRT volumen:  2348.13 superficie:  1621.54 ancho:  20.00 largo:  4.70 espesor:  30.0000
07972 Pasador planchuela.SLDPRT is digit
2024-05-03 16:54:36.502618 Z:/Oficina Tecnica/Productos Propios/07971 Puerta pileta
2024-05-03 16:54:37.591488 C:\SolidWorks Data\Envío de piezas a Odoo\main.swp
2024-05-03 16:54:40.482111 searching content in:  C:\SolidWorks Data\Envío de piezas a Odoo\\Error.txt
2024-05-03 16:54:40.482111 searching content in:  C:\SolidWorks Data\Envío de piezas a Odoo\\Volumen.txt
2024-05-03 16:54:40.482111 searching content in:  C:\SolidWorks Data\Envío de piezas a Odoo\\Superficie.txt
2024-05-03 16:54:40.482111 searching content in:  C:\SolidWorks Data\Envío de piezas a Odoo\\Ancho.txt
2024-05-03 16:54:40.482111 searching content in:  C:\SolidWorks Data\Envío de piezas a Odoo\\Largo.txt
2024-05-03 16:54:40.482111 searching content in:  C:\SolidWorks Data\Envío de piezas a Odoo\\Grosor.txt
2024-05-03 16:54:40.482111 archivo: 07973 Pasador puerta.SLDPRT volumen:  2398.11 superficie:  1632.72 ancho:  28.00 largo:  4.70 espesor:  22.0000
07973 Pasador puerta.SLDPRT is digit
2024-05-06 13:44:02.981295 C:/Users/Usuario/Pictures/10496 Cargador de Batería
2024-05-06 13:44:15.848844 C:\SolidWorks Data\Envío de piezas a Odoo\main.swp
2024-05-06 13:44:23.614419 searching content in:  C:\SolidWorks Data\Envío de piezas a Odoo\\Error.txt
2024-05-06 13:44:23.614419 searching content in:  C:\SolidWorks Data\Envío de piezas a Odoo\\Volumen.txt
2024-05-06 13:44:23.614419 searching content in:  C:\SolidWorks Data\Envío de piezas a Odoo\\Superficie.txt
2024-05-06 13:44:23.614419 searching content in:  C:\SolidWorks Data\Envío de piezas a Odoo\\Ancho.txt
2024-05-06 13:44:23.614419 searching content in:  C:\SolidWorks Data\Envío de piezas a Odoo\\Largo.txt
2024-05-06 13:44:23.614419 searching content in:  C:\SolidWorks Data\Envío de piezas a Odoo\\Grosor.txt
2024-05-06 13:44:23.614419 archivo: 2 G 10498 Espadalda Cargador de Bateriaa.SLDPRT volumen:  52772.28 superficie:  92021.95 ancho:  315.22 largo:  1.20 espesor:  150.0000
2 G 10498 Espadalda Cargador de Bateriaa.SLDPRT is digit
1.2
   ESPESOR MATERIAL  INSUMO
0     1.60        N   10013
1     1.60        G   20013
2     2.14        N   10013
3     0.90        G   20013
4     1.20        G   20013
5     1.20        N   10013
inusmoo [20013]
insumo 20013
2 G 10498 Espadalda Cargador de Bateriaa.SLDPRT has digit, updating quantity
{'name': '2 G 10498 Espadalda Cargador de Bateriaa', 'quantity': '2', 'default_code': 168197, 'product_tag_ids': 'Piezas', 'weight': 0.41215150679999996, 'gross_weight': 0.44313627600000005, 'volume': 0.05277228, 'superficie': '92021.95', 'broad': 150.0, 'long': 315.22, 'categ_id': 'Chapa Galvanizada SAE 1010', 'thickness': 1.2, 'sale_ok': 'true', 'purchase_ok': 'false', 'product_route': 'file:///C:/Users/Usuario/Pictures/10496%20Cargador%20de%20Batería/2%20G%2010498%20Espadalda%20Cargador%20de%20Bateriaa.SLDPRT', 'bill_of_materials': [{'default_code': 20013, 'product_qty': 0.44313627600000005}]}
2024-05-06 13:44:23.661262 C:\SolidWorks Data\Envío de piezas a Odoo\main.swp
2024-05-06 13:44:27.020838 searching content in:  C:\SolidWorks Data\Envío de piezas a Odoo\\Error.txt
2024-05-06 13:44:27.020838 searching content in:  C:\SolidWorks Data\Envío de piezas a Odoo\\Volumen.txt
2024-05-06 13:44:27.020838 searching content in:  C:\SolidWorks Data\Envío de piezas a Odoo\\Superficie.txt
2024-05-06 13:44:27.020838 searching content in:  C:\SolidWorks Data\Envío de piezas a Odoo\\Ancho.txt
2024-05-06 13:44:27.020838 searching content in:  C:\SolidWorks Data\Envío de piezas a Odoo\\Largo.txt
2024-05-06 13:44:27.020838 searching content in:  C:\SolidWorks Data\Envío de piezas a Odoo\\Grosor.txt
2024-05-06 13:44:27.020838 archivo: G 10497 Base Cargador de Bateriaa.SLDPRT volumen:  52837.45 superficie:  89731.34 ancho:  132.22 largo:  1.20 espesor:  360.4400
1.2
   ESPESOR MATERIAL  INSUMO
0     1.60        N   10013
1     1.60        G   20013
2     2.14        N   10013
3     0.90        G   20013
4     1.20        G   20013
5     1.20        N   10013
inusmoo [20013]
insumo 20013
{'name': 'G 10497 Base Cargador de Bateriaa', 'quantity': 1, 'default_code': 755205, 'product_tag_ids': 'Piezas', 'weight': 0.4126604845, 'gross_weight': 0.4466449353695999, 'volume': 0.052837449999999994, 'superficie': '89731.34', 'broad': 132.22, 'long': 360.44, 'categ_id': 'Chapa Galvanizada SAE 1010', 'thickness': 1.2, 'sale_ok': 'true', 'purchase_ok': 'false', 'product_route': 'file:///C:/Users/Usuario/Pictures/10496%20Cargador%20de%20Batería/G%2010497%20Base%20Cargador%20de%20Bateriaa.SLDPRT', 'bill_of_materials': [{'default_code': 20013, 'product_qty': 0.4466449353695999}]}
2024-05-06 13:44:27.036293 2 G 10498 Espadalda Cargador de Bateriaa
2024-05-06 13:44:27.036293 {"params": {"name": "2 G 10498 Espadalda Cargador de Bateriaa", "default_code": 168197, "product_tag_ids": "Piezas", "weight": 0.41215150679999996, "gross_weight": 0.44313627600000005, "volume": 0.05277228, "superficie": "92021.95", "broad": 150.0, "long": 315.22, "categ_id": "Chapa Galvanizada SAE 1010", "thickness": 1.2, "sale_ok": "true", "purchase_ok": "false", "product_route": "file:///C:/Users/Usuario/Pictures/10496%20Cargador%20de%20Bater\u00eda/2%20G%2010498%20Espadalda%20Cargador%20de%20Bateriaa.SLDPRT", "bill_of_materials": [{"default_code": 20013, "product_qty": 0.44313627600000005}]}}
Exception in Tkinter callback
Traceback (most recent call last):
  File "C:\Users\Usuario\Downloads\Solid Module - copia\gui.py", line 201, in insert_pieza_odoo
    if response.json()["result"]['status'] == "Error":
       ~~~~~~~~~~~~~~~^^^^^^^^^^
KeyError: 'result'

During handling of the above exception, another exception occurred:

Traceback (most recent call last):
  File "C:\Users\Usuario\AppData\Local\Programs\Python\Python312\Lib\tkinter\__init__.py", line 1967, in __call__
    return self.func(*args)
           ^^^^^^^^^^^^^^^^
  File "C:\Users\Usuario\Downloads\Solid Module - copia\gui.py", line 742, in on_drop
    folder(folder_path)
  File "C:\Users\Usuario\Downloads\Solid Module - copia\gui.py", line 635, in folder
    insert_pieza_odoo(pieza)
  File "C:\Users\Usuario\Downloads\Solid Module - copia\gui.py", line 229, in insert_pieza_odoo
    error_message = response.json()['result']['message']
                    ~~~~~~~~~~~~~~~^^^^^^^^^^
KeyError: 'result'
2024-05-06 13:43:20.916026 {C:/Users/Usuario/Pictures/10496 Cargador de Batería}
2024-05-06 13:47:42.197154 C:/Users/Usuario/Pictures/10496 Cargador de Batería
2024-05-06 13:47:43.297518 C:\SolidWorks Data\Envío de piezas a Odoo\main.swp
2024-05-06 13:47:46.577423 searching content in:  C:\SolidWorks Data\Envío de piezas a Odoo\\Error.txt
2024-05-06 13:47:46.587221 searching content in:  C:\SolidWorks Data\Envío de piezas a Odoo\\Volumen.txt
2024-05-06 13:47:46.587221 searching content in:  C:\SolidWorks Data\Envío de piezas a Odoo\\Superficie.txt
2024-05-06 13:47:46.587221 searching content in:  C:\SolidWorks Data\Envío de piezas a Odoo\\Ancho.txt
2024-05-06 13:47:46.587221 searching content in:  C:\SolidWorks Data\Envío de piezas a Odoo\\Largo.txt
2024-05-06 13:47:46.587221 searching content in:  C:\SolidWorks Data\Envío de piezas a Odoo\\Grosor.txt
2024-05-06 13:47:46.587221 archivo: 2 G 10498 Espadalda Cargador de Bateriaa.SLDPRT volumen:  52772.28 superficie:  92021.95 ancho:  315.22 largo:  1.20 espesor:  150.0000
2 G 10498 Espadalda Cargador de Bateriaa.SLDPRT is digit
1.2
   ESPESOR MATERIAL  INSUMO
0     1.60        N   10013
1     1.60        G   20013
2     2.14        N   10013
3     0.90        G   20013
4     1.20        G   20013
5     1.20        N   10013
inusmoo [20013]
insumo 20013
2 G 10498 Espadalda Cargador de Bateriaa.SLDPRT has digit, updating quantity
{'name': '2 G 10498 Espadalda Cargador de Bateriaa', 'quantity': '2', 'default_code': 166320, 'product_tag_ids': 'Piezas', 'weight': 0.41215150679999996, 'gross_weight': 0.44313627600000005, 'volume': 0.05277228, 'superficie': '92021.95', 'broad': 150.0, 'long': 315.22, 'categ_id': 'Chapa Galvanizada SAE 1010', 'thickness': 1.2, 'sale_ok': 'true', 'purchase_ok': 'false', 'product_route': 'file:///C:/Users/Usuario/Pictures/10496%20Cargador%20de%20Batería/2%20G%2010498%20Espadalda%20Cargador%20de%20Bateriaa.SLDPRT', 'bill_of_materials': [{'default_code': 20013, 'product_qty': 0.44313627600000005}]}
2024-05-06 13:47:46.607338 C:\SolidWorks Data\Envío de piezas a Odoo\main.swp
2024-05-06 13:47:50.072724 searching content in:  C:\SolidWorks Data\Envío de piezas a Odoo\\Error.txt
2024-05-06 13:47:50.072724 searching content in:  C:\SolidWorks Data\Envío de piezas a Odoo\\Volumen.txt
2024-05-06 13:47:50.072724 searching content in:  C:\SolidWorks Data\Envío de piezas a Odoo\\Superficie.txt
2024-05-06 13:47:50.072724 searching content in:  C:\SolidWorks Data\Envío de piezas a Odoo\\Ancho.txt
2024-05-06 13:47:50.072724 searching content in:  C:\SolidWorks Data\Envío de piezas a Odoo\\Largo.txt
2024-05-06 13:47:50.072724 searching content in:  C:\SolidWorks Data\Envío de piezas a Odoo\\Grosor.txt
2024-05-06 13:47:50.072724 archivo: G 10497 Base Cargador de Bateriaa.SLDPRT volumen:  52837.45 superficie:  89731.34 ancho:  132.22 largo:  1.20 espesor:  360.4400
1.2
   ESPESOR MATERIAL  INSUMO
0     1.60        N   10013
1     1.60        G   20013
2     2.14        N   10013
3     0.90        G   20013
4     1.20        G   20013
5     1.20        N   10013
inusmoo [20013]
insumo 20013
{'name': 'G 10497 Base Cargador de Bateriaa', 'quantity': 1, 'default_code': 661728, 'product_tag_ids': 'Piezas', 'weight': 0.4126604845, 'gross_weight': 0.4466449353695999, 'volume': 0.052837449999999994, 'superficie': '89731.34', 'broad': 132.22, 'long': 360.44, 'categ_id': 'Chapa Galvanizada SAE 1010', 'thickness': 1.2, 'sale_ok': 'true', 'purchase_ok': 'false', 'product_route': 'file:///C:/Users/Usuario/Pictures/10496%20Cargador%20de%20Batería/G%2010497%20Base%20Cargador%20de%20Bateriaa.SLDPRT', 'bill_of_materials': [{'default_code': 20013, 'product_qty': 0.4466449353695999}]}
2024-05-06 13:47:50.072724 2 G 10498 Espadalda Cargador de Bateriaa
2024-05-06 13:47:50.072724 {"params": {"name": "2 G 10498 Espadalda Cargador de Bateriaa", "default_code": 166320, "product_tag_ids": "Piezas", "weight": 0.41215150679999996, "gross_weight": 0.44313627600000005, "volume": 0.05277228, "superficie": "92021.95", "broad": 150.0, "long": 315.22, "categ_id": "Chapa Galvanizada SAE 1010", "thickness": 1.2, "sale_ok": "true", "purchase_ok": "false", "product_route": "file:///C:/Users/Usuario/Pictures/10496%20Cargador%20de%20Bater\u00eda/2%20G%2010498%20Espadalda%20Cargador%20de%20Bateriaa.SLDPRT", "bill_of_materials": [{"default_code": 20013, "product_qty": 0.44313627600000005}]}}
Exception in Tkinter callback
Traceback (most recent call last):
  File "C:\Users\Usuario\Downloads\Solid Module - copia\gui.py", line 201, in insert_pieza_odoo
    if response.json()["result"]['status'] == "Error":
       ~~~~~~~~~~~~~~~^^^^^^^^^^
KeyError: 'result'

During handling of the above exception, another exception occurred:

Traceback (most recent call last):
  File "C:\Users\Usuario\AppData\Local\Programs\Python\Python312\Lib\tkinter\__init__.py", line 1967, in __call__
    return self.func(*args)
           ^^^^^^^^^^^^^^^^
  File "C:\Users\Usuario\Downloads\Solid Module - copia\gui.py", line 742, in on_drop
    folder(folder_path)
  File "C:\Users\Usuario\Downloads\Solid Module - copia\gui.py", line 635, in folder
    insert_pieza_odoo(pieza)
  File "C:\Users\Usuario\Downloads\Solid Module - copia\gui.py", line 229, in insert_pieza_odoo
    error_message = response.json()['result']['message']
                    ~~~~~~~~~~~~~~~^^^^^^^^^^
KeyError: 'result'
2024-05-06 13:51:12.190931 C:/Users/Usuario/Pictures/09131 Bandeja - copia
2024-05-06 13:51:13.289237 C:\SolidWorks Data\Envío de piezas a Odoo\main.swp
2024-05-06 13:51:16.961084 searching content in:  C:\SolidWorks Data\Envío de piezas a Odoo\\Error.txt
2024-05-06 13:51:16.961084 searching content in:  C:\SolidWorks Data\Envío de piezas a Odoo\\Volumen.txt
2024-05-06 13:51:16.961084 searching content in:  C:\SolidWorks Data\Envío de piezas a Odoo\\Superficie.txt
2024-05-06 13:51:16.961084 searching content in:  C:\SolidWorks Data\Envío de piezas a Odoo\\Ancho.txt
2024-05-06 13:51:16.961084 searching content in:  C:\SolidWorks Data\Envío de piezas a Odoo\\Largo.txt
2024-05-06 13:51:16.961084 searching content in:  C:\SolidWorks Data\Envío de piezas a Odoo\\Grosor.txt
2024-05-06 13:51:16.961084 archivo: 2 G 09131 Bandeja 800x800.SLDPRT volumen:  950276.31 superficie:  1588364.67 ancho:  895.22 largo:  895.22 espesor:  1.2000
2 G 09131 Bandeja 800x800.SLDPRT is digit
1.2
   ESPESOR MATERIAL  INSUMO
0     1.60        N   10013
1     1.60        G   20013
2     2.14        N   10013
3     0.90        G   20013
inusmoo []
Error al encontrar el insumo de la pieza 2 G 09131 Bandeja 800x800.SLDPRT, por favor verifique que está cargado en el archivo de insumos correctamente: can only convert an array of size 1 to a Python scalar
2024-05-06 13:51:44.741279 C:/Users/Usuario/Pictures/10496 Cargador de Batería
2024-05-06 13:51:45.829808 C:\SolidWorks Data\Envío de piezas a Odoo\main.swp
2024-05-06 13:51:48.954667 searching content in:  C:\SolidWorks Data\Envío de piezas a Odoo\\Error.txt
2024-05-06 13:51:48.954667 searching content in:  C:\SolidWorks Data\Envío de piezas a Odoo\\Volumen.txt
2024-05-06 13:51:48.954667 searching content in:  C:\SolidWorks Data\Envío de piezas a Odoo\\Superficie.txt
2024-05-06 13:51:48.954667 searching content in:  C:\SolidWorks Data\Envío de piezas a Odoo\\Ancho.txt
2024-05-06 13:51:48.954667 searching content in:  C:\SolidWorks Data\Envío de piezas a Odoo\\Largo.txt
2024-05-06 13:51:48.954667 searching content in:  C:\SolidWorks Data\Envío de piezas a Odoo\\Grosor.txt
2024-05-06 13:51:48.954667 archivo: 2 G 10498 Espadalda Cargador de Bateriaa.SLDPRT volumen:  52772.28 superficie:  92021.95 ancho:  315.22 largo:  1.20 espesor:  150.0000
2 G 10498 Espadalda Cargador de Bateriaa.SLDPRT is digit
1.2
   ESPESOR MATERIAL  INSUMO
0     1.60        N   10013
1     1.60        G   20013
2     2.14        N   10013
3     0.90        G   20013
inusmoo []
Error al encontrar el insumo de la pieza 2 G 10498 Espadalda Cargador de Bateriaa.SLDPRT, por favor verifique que está cargado en el archivo de insumos correctamente: can only convert an array of size 1 to a Python scalar
Traceback (most recent call last):
  File "C:\SOLIDWORKS Data\gui.py", line 773, in <module>
    app.mainloop()
  File "C:\Users\Usuario\AppData\Local\Programs\Python\Python312\Lib\tkinter\__init__.py", line 1504, in mainloop
    self.tk.mainloop(n)
KeyboardInterrupt
2024-05-06 13:48:27.204648 C:/Users/Usuario/Pictures/09131 Bandeja
2024-05-06 13:48:28.287475 C:\SolidWorks Data\Envío de piezas a Odoo\main.swp
2024-05-06 13:48:32.584320 searching content in:  C:\SolidWorks Data\Envío de piezas a Odoo\\Error.txt
2024-05-06 13:48:32.584320 searching content in:  C:\SolidWorks Data\Envío de piezas a Odoo\\Volumen.txt
2024-05-06 13:48:32.584320 searching content in:  C:\SolidWorks Data\Envío de piezas a Odoo\\Superficie.txt
2024-05-06 13:48:32.584320 searching content in:  C:\SolidWorks Data\Envío de piezas a Odoo\\Ancho.txt
2024-05-06 13:48:32.584320 searching content in:  C:\SolidWorks Data\Envío de piezas a Odoo\\Largo.txt
2024-05-06 13:48:32.584320 searching content in:  C:\SolidWorks Data\Envío de piezas a Odoo\\Grosor.txt
2024-05-06 13:48:32.599976 archivo: 2 G 09131 Bandeja 800x800.SLDPRT volumen:  950276.31 superficie:  1588364.67 ancho:  895.22 largo:  895.22 espesor:  1.2000
2 G 09131 Bandeja 800x800.SLDPRT is digit
1.2
   ESPESOR MATERIAL  INSUMO
0     1.60        N   10013
1     1.60        G   20013
2     2.14        N   10013
3     0.90        G   20013
4     1.20        G   20013
5     1.20        N   10013
inusmoo [20013]
insumo 20013
2 G 09131 Bandeja 800x800.SLDPRT has digit, updating quantity
{'name': '2 G 09131 Bandeja 800x800', 'quantity': '2', 'default_code': 720507, 'product_tag_ids': 'Piezas', 'weight': 7.4216579811, 'gross_weight': 7.510897447204799, 'volume': 0.95027631, 'superficie': '1588364.67', 'broad': 895.22, 'long': 895.22, 'categ_id': 'Chapa Galvanizada SAE 1010', 'thickness': 1.2, 'sale_ok': 'true', 'purchase_ok': 'false', 'product_route': 'file:///C:/Users/Usuario/Pictures/09131%20Bandeja/2%20G%2009131%20Bandeja%20800x800.SLDPRT', 'bill_of_materials': [{'default_code': 20013, 'product_qty': 7.510897447204799}]}
2024-05-06 13:48:32.599976 2 G 09131 Bandeja 800x800
2024-05-06 13:48:32.599976 {"params": {"name": "2 G 09131 Bandeja 800x800", "default_code": 720507, "product_tag_ids": "Piezas", "weight": 7.4216579811, "gross_weight": 7.510897447204799, "volume": 0.95027631, "superficie": "1588364.67", "broad": 895.22, "long": 895.22, "categ_id": "Chapa Galvanizada SAE 1010", "thickness": 1.2, "sale_ok": "true", "purchase_ok": "false", "product_route": "file:///C:/Users/Usuario/Pictures/09131%20Bandeja/2%20G%2009131%20Bandeja%20800x800.SLDPRT", "bill_of_materials": [{"default_code": 20013, "product_qty": 7.510897447204799}]}}
Exception in Tkinter callback
Traceback (most recent call last):
  File "C:\Users\Usuario\Downloads\Solid Module - copia\gui.py", line 201, in insert_pieza_odoo
    if response.json()["result"]['status'] == "Error":
       ~~~~~~~~~~~~~~~^^^^^^^^^^
KeyError: 'result'

During handling of the above exception, another exception occurred:

Traceback (most recent call last):
  File "C:\Users\Usuario\AppData\Local\Programs\Python\Python312\Lib\tkinter\__init__.py", line 1967, in __call__
    return self.func(*args)
           ^^^^^^^^^^^^^^^^
  File "C:\Users\Usuario\Downloads\Solid Module - copia\gui.py", line 742, in on_drop
    folder(folder_path)
  File "C:\Users\Usuario\Downloads\Solid Module - copia\gui.py", line 635, in folder
    insert_pieza_odoo(pieza)
  File "C:\Users\Usuario\Downloads\Solid Module - copia\gui.py", line 229, in insert_pieza_odoo
    error_message = response.json()['result']['message']
                    ~~~~~~~~~~~~~~~^^^^^^^^^^
KeyError: 'result'
2024-05-06 13:52:48.852630 C:/Users/Usuario/Pictures/10496 Cargador de Batería
2024-05-06 13:52:49.944508 C:\SolidWorks Data\Envío de piezas a Odoo\main.swp
2024-05-06 13:52:53.085072 searching content in:  C:\SolidWorks Data\Envío de piezas a Odoo\\Error.txt
2024-05-06 13:52:53.085072 searching content in:  C:\SolidWorks Data\Envío de piezas a Odoo\\Volumen.txt
2024-05-06 13:52:53.085072 searching content in:  C:\SolidWorks Data\Envío de piezas a Odoo\\Superficie.txt
2024-05-06 13:52:53.085072 searching content in:  C:\SolidWorks Data\Envío de piezas a Odoo\\Ancho.txt
2024-05-06 13:52:53.085072 searching content in:  C:\SolidWorks Data\Envío de piezas a Odoo\\Largo.txt
2024-05-06 13:52:53.085072 searching content in:  C:\SolidWorks Data\Envío de piezas a Odoo\\Grosor.txt
2024-05-06 13:52:53.085072 archivo: 2 G 10498 Espadalda Cargador de Bateriaa.SLDPRT volumen:  52772.28 superficie:  92021.95 ancho:  315.22 largo:  1.20 espesor:  150.0000
2 G 10498 Espadalda Cargador de Bateriaa.SLDPRT is digit
1.2
   ESPESOR MATERIAL  INSUMO
0     1.60        N   10013
1     1.60        G   20013
2     2.14        N   10013
3     0.90        G   20013
inusmoo []
Error al encontrar el insumo de la pieza 2 G 10498 Espadalda Cargador de Bateriaa.SLDPRT, por favor verifique que está cargado en el archivo de insumos correctamente: can only convert an array of size 1 to a Python scalar
2024-05-06 13:56:51.607772 C:/Users/Usuario/Pictures/10496 Cargador de Batería
2024-05-06 13:57:01.697288 C:\SolidWorks Data\Envío de piezas a Odoo\main.swp
2024-05-06 13:57:08.837851 searching content in:  C:\SolidWorks Data\Envío de piezas a Odoo\\Error.txt
2024-05-06 13:57:08.837851 searching content in:  C:\SolidWorks Data\Envío de piezas a Odoo\\Volumen.txt
2024-05-06 13:57:08.837851 searching content in:  C:\SolidWorks Data\Envío de piezas a Odoo\\Superficie.txt
2024-05-06 13:57:08.837851 searching content in:  C:\SolidWorks Data\Envío de piezas a Odoo\\Ancho.txt
2024-05-06 13:57:08.837851 searching content in:  C:\SolidWorks Data\Envío de piezas a Odoo\\Largo.txt
2024-05-06 13:57:08.837851 searching content in:  C:\SolidWorks Data\Envío de piezas a Odoo\\Grosor.txt
2024-05-06 13:57:08.837851 archivo: 2 G 10498 Espadalda Cargador de Bateriaa.SLDPRT volumen:  52772.28 superficie:  92021.95 ancho:  315.22 largo:  1.20 espesor:  150.0000
2 G 10498 Espadalda Cargador de Bateriaa.SLDPRT is digit
1.2
   ESPESOR MATERIAL  INSUMO
0     1.60        N   10013
1     1.60        G   20013
2     2.14        N   10013
3     0.90        G   20013
4     1.20        N   10013
5     1.20        G   20013
inusmoo [20013]
insumo 20013
2 G 10498 Espadalda Cargador de Bateriaa.SLDPRT has digit, updating quantity
{'name': '2 G 10498 Espadalda Cargador de Bateriaa', 'quantity': '2', 'default_code': 209983, 'product_tag_ids': 'Piezas', 'weight': 0.41215150679999996, 'gross_weight': 0.44313627600000005, 'volume': 0.05277228, 'superficie': '92021.95', 'broad': 150.0, 'long': 315.22, 'categ_id': 'Chapa Galvanizada SAE 1010', 'thickness': 1.2, 'sale_ok': 'true', 'purchase_ok': 'false', 'product_route': 'file:///C:/Users/Usuario/Pictures/10496%20Cargador%20de%20Batería/2%20G%2010498%20Espadalda%20Cargador%20de%20Bateriaa.SLDPRT', 'bill_of_materials': [{'default_code': 20013, 'product_qty': 0.44313627600000005}]}
2024-05-06 13:57:08.869130 C:\SolidWorks Data\Envío de piezas a Odoo\main.swp
2024-05-06 13:57:12.525412 searching content in:  C:\SolidWorks Data\Envío de piezas a Odoo\\Error.txt
2024-05-06 13:57:12.525412 searching content in:  C:\SolidWorks Data\Envío de piezas a Odoo\\Volumen.txt
2024-05-06 13:57:12.525412 searching content in:  C:\SolidWorks Data\Envío de piezas a Odoo\\Superficie.txt
2024-05-06 13:57:12.525412 searching content in:  C:\SolidWorks Data\Envío de piezas a Odoo\\Ancho.txt
2024-05-06 13:57:12.525412 searching content in:  C:\SolidWorks Data\Envío de piezas a Odoo\\Largo.txt
2024-05-06 13:57:12.525412 searching content in:  C:\SolidWorks Data\Envío de piezas a Odoo\\Grosor.txt
2024-05-06 13:57:12.525412 archivo: G 10497 Base Cargador de Bateriaa.SLDPRT volumen:  52837.45 superficie:  89731.34 ancho:  132.22 largo:  1.20 espesor:  360.4400
1.2
   ESPESOR MATERIAL  INSUMO
0     1.60        N   10013
1     1.60        G   20013
2     2.14        N   10013
3     0.90        G   20013
4     1.20        N   10013
5     1.20        G   20013
inusmoo [20013]
insumo 20013
{'name': 'G 10497 Base Cargador de Bateriaa', 'quantity': 1, 'default_code': 625101, 'product_tag_ids': 'Piezas', 'weight': 0.4126604845, 'gross_weight': 0.4466449353695999, 'volume': 0.052837449999999994, 'superficie': '89731.34', 'broad': 132.22, 'long': 360.44, 'categ_id': 'Chapa Galvanizada SAE 1010', 'thickness': 1.2, 'sale_ok': 'true', 'purchase_ok': 'false', 'product_route': 'file:///C:/Users/Usuario/Pictures/10496%20Cargador%20de%20Batería/G%2010497%20Base%20Cargador%20de%20Bateriaa.SLDPRT', 'bill_of_materials': [{'default_code': 20013, 'product_qty': 0.4466449353695999}]}
2024-05-06 13:57:12.540976 2 G 10498 Espadalda Cargador de Bateriaa
2024-05-06 13:57:12.540976 {"params": {"name": "2 G 10498 Espadalda Cargador de Bateriaa", "default_code": 209983, "product_tag_ids": "Piezas", "weight": 0.41215150679999996, "gross_weight": 0.44313627600000005, "volume": 0.05277228, "superficie": "92021.95", "broad": 150.0, "long": 315.22, "categ_id": "Chapa Galvanizada SAE 1010", "thickness": 1.2, "sale_ok": "true", "purchase_ok": "false", "product_route": "file:///C:/Users/Usuario/Pictures/10496%20Cargador%20de%20Bater\u00eda/2%20G%2010498%20Espadalda%20Cargador%20de%20Bateriaa.SLDPRT", "bill_of_materials": [{"default_code": 20013, "product_qty": 0.44313627600000005}]}}
Exception in Tkinter callback
Traceback (most recent call last):
  File "C:\SOLIDWORKS Data\gui.py", line 201, in insert_pieza_odoo
    if response.json()["result"]['status'] == "Error":
       ~~~~~~~~~~~~~~~^^^^^^^^^^
KeyError: 'result'

During handling of the above exception, another exception occurred:

Traceback (most recent call last):
  File "C:\Users\Usuario\AppData\Local\Programs\Python\Python312\Lib\tkinter\__init__.py", line 1967, in __call__
    return self.func(*args)
           ^^^^^^^^^^^^^^^^
  File "C:\SOLIDWORKS Data\gui.py", line 742, in on_drop
    folder(folder_path)
  File "C:\SOLIDWORKS Data\gui.py", line 635, in folder
    insert_pieza_odoo(pieza)
  File "C:\SOLIDWORKS Data\gui.py", line 229, in insert_pieza_odoo
    error_message = response.json()['result']['message']
                    ~~~~~~~~~~~~~~~^^^^^^^^^^
KeyError: 'result'
2024-05-06 13:59:26.516736 C:/Users/Usuario/Pictures/10496 Cargador de Batería
2024-05-06 13:59:27.600983 C:\SolidWorks Data\Envío de piezas a Odoo\main.swp
2024-05-06 13:59:30.679170 searching content in:  C:\SolidWorks Data\Envío de piezas a Odoo\\Error.txt
2024-05-06 13:59:30.679170 searching content in:  C:\SolidWorks Data\Envío de piezas a Odoo\\Volumen.txt
2024-05-06 13:59:30.679170 searching content in:  C:\SolidWorks Data\Envío de piezas a Odoo\\Superficie.txt
2024-05-06 13:59:30.679170 searching content in:  C:\SolidWorks Data\Envío de piezas a Odoo\\Ancho.txt
2024-05-06 13:59:30.679170 searching content in:  C:\SolidWorks Data\Envío de piezas a Odoo\\Largo.txt
2024-05-06 13:59:30.679170 searching content in:  C:\SolidWorks Data\Envío de piezas a Odoo\\Grosor.txt
2024-05-06 13:59:30.679170 archivo: 2 G 10498 Espadalda Cargador de Bateriaa.SLDPRT volumen:  52772.28 superficie:  92021.95 ancho:  315.22 largo:  1.20 espesor:  150.0000
2 G 10498 Espadalda Cargador de Bateriaa.SLDPRT is digit
1.2
   ESPESOR MATERIAL  INSUMO
0     1.60        N   10013
1     1.60        G   20013
2     2.14        N   10013
3     0.90        G   20013
4     1.20        N   10013
5     1.20        G   20013
inusmoo [20013]
insumo 20013
2 G 10498 Espadalda Cargador de Bateriaa.SLDPRT has digit, updating quantity
{'name': '2 G 10498 Espadalda Cargador de Bateriaa', 'quantity': '2', 'default_code': 641145, 'product_tag_ids': 'Piezas', 'weight': 0.41215150679999996, 'gross_weight': 0.44313627600000005, 'volume': 0.05277228, 'superficie': '92021.95', 'broad': 150.0, 'long': 315.22, 'categ_id': 'Chapa Galvanizada SAE 1010', 'thickness': 1.2, 'sale_ok': 'true', 'purchase_ok': 'false', 'product_route': 'file:///C:/Users/Usuario/Pictures/10496%20Cargador%20de%20Batería/2%20G%2010498%20Espadalda%20Cargador%20de%20Bateriaa.SLDPRT', 'bill_of_materials': [{'default_code': 20013, 'product_qty': 0.44313627600000005}]}
2024-05-06 13:59:30.694734 C:\SolidWorks Data\Envío de piezas a Odoo\main.swp
2024-05-06 13:59:34.179280 searching content in:  C:\SolidWorks Data\Envío de piezas a Odoo\\Error.txt
2024-05-06 13:59:34.179280 searching content in:  C:\SolidWorks Data\Envío de piezas a Odoo\\Volumen.txt
2024-05-06 13:59:34.179280 searching content in:  C:\SolidWorks Data\Envío de piezas a Odoo\\Superficie.txt
2024-05-06 13:59:34.179280 searching content in:  C:\SolidWorks Data\Envío de piezas a Odoo\\Ancho.txt
2024-05-06 13:59:34.179280 searching content in:  C:\SolidWorks Data\Envío de piezas a Odoo\\Largo.txt
2024-05-06 13:59:34.179280 searching content in:  C:\SolidWorks Data\Envío de piezas a Odoo\\Grosor.txt
2024-05-06 13:59:34.179280 archivo: G 10497 Base Cargador de Bateriaa.SLDPRT volumen:  52837.45 superficie:  89731.34 ancho:  132.22 largo:  1.20 espesor:  360.4400
1.2
   ESPESOR MATERIAL  INSUMO
0     1.60        N   10013
1     1.60        G   20013
2     2.14        N   10013
3     0.90        G   20013
4     1.20        N   10013
5     1.20        G   20013
inusmoo [20013]
insumo 20013
{'name': 'G 10497 Base Cargador de Bateriaa', 'quantity': 1, 'default_code': 217958, 'product_tag_ids': 'Piezas', 'weight': 0.4126604845, 'gross_weight': 0.4466449353695999, 'volume': 0.052837449999999994, 'superficie': '89731.34', 'broad': 132.22, 'long': 360.44, 'categ_id': 'Chapa Galvanizada SAE 1010', 'thickness': 1.2, 'sale_ok': 'true', 'purchase_ok': 'false', 'product_route': 'file:///C:/Users/Usuario/Pictures/10496%20Cargador%20de%20Batería/G%2010497%20Base%20Cargador%20de%20Bateriaa.SLDPRT', 'bill_of_materials': [{'default_code': 20013, 'product_qty': 0.4466449353695999}]}
2024-05-06 13:59:34.194752 2 G 10498 Espadalda Cargador de Bateriaa
2024-05-06 13:59:34.194752 {"params": {"name": "2 G 10498 Espadalda Cargador de Bateriaa", "default_code": 641145, "product_tag_ids": "Piezas", "weight": 0.41215150679999996, "gross_weight": 0.44313627600000005, "volume": 0.05277228, "superficie": "92021.95", "broad": 150.0, "long": 315.22, "categ_id": "Chapa Galvanizada SAE 1010", "thickness": 1.2, "sale_ok": "true", "purchase_ok": "false", "product_route": "file:///C:/Users/Usuario/Pictures/10496%20Cargador%20de%20Bater\u00eda/2%20G%2010498%20Espadalda%20Cargador%20de%20Bateriaa.SLDPRT", "bill_of_materials": [{"default_code": 20013, "product_qty": 0.44313627600000005}]}}
Exception in Tkinter callback
Traceback (most recent call last):
  File "C:\SOLIDWORKS Data\gui.py", line 201, in insert_pieza_odoo
    if response.json()["result"]['status'] == "Error":
       ~~~~~~~~~~~~~~~^^^^^^^^^^
KeyError: 'result'

During handling of the above exception, another exception occurred:

Traceback (most recent call last):
  File "C:\Users\Usuario\AppData\Local\Programs\Python\Python312\Lib\tkinter\__init__.py", line 1967, in __call__
    return self.func(*args)
           ^^^^^^^^^^^^^^^^
  File "C:\SOLIDWORKS Data\gui.py", line 743, in on_drop
    folder(folder_path)
  File "C:\SOLIDWORKS Data\gui.py", line 635, in folder
    insert_pieza_odoo(pieza)
  File "C:\SOLIDWORKS Data\gui.py", line 229, in insert_pieza_odoo
    error_message = response.json()['result']['message']
                    ~~~~~~~~~~~~~~~^^^^^^^^^^
KeyError: 'result'
2024-05-06 14:02:57.359641 C:/Users/Usuario/Pictures/10496 Cargador de Batería
2024-05-06 14:02:58.441590 C:\SolidWorks Data\Envío de piezas a Odoo\main.swp
2024-05-06 14:03:01.691592 searching content in:  C:\SolidWorks Data\Envío de piezas a Odoo\\Error.txt
2024-05-06 14:03:01.691592 searching content in:  C:\SolidWorks Data\Envío de piezas a Odoo\\Volumen.txt
2024-05-06 14:03:01.691592 searching content in:  C:\SolidWorks Data\Envío de piezas a Odoo\\Superficie.txt
2024-05-06 14:03:01.691592 searching content in:  C:\SolidWorks Data\Envío de piezas a Odoo\\Ancho.txt
2024-05-06 14:03:01.691592 searching content in:  C:\SolidWorks Data\Envío de piezas a Odoo\\Largo.txt
2024-05-06 14:03:01.691592 searching content in:  C:\SolidWorks Data\Envío de piezas a Odoo\\Grosor.txt
2024-05-06 14:03:01.691592 archivo: 2 G 10498 Espadalda Cargador de Bateriaa.SLDPRT volumen:  52772.28 superficie:  92021.95 ancho:  315.22 largo:  1.20 espesor:  150.0000
2 G 10498 Espadalda Cargador de Bateriaa.SLDPRT is digit
1.2
   ESPESOR MATERIAL  INSUMO
0     1.60        N   10013
1     1.60        G   20013
2     2.14        N   10013
3     0.90        G   20013
4     1.20        N   10013
5     1.20        G   20013
inusmoo [20013]
insumo 20013
2 G 10498 Espadalda Cargador de Bateriaa.SLDPRT has digit, updating quantity
{'name': '2 G 10498 Espadalda Cargador de Bateriaa', 'quantity': '2', 'default_code': 576638, 'product_tag_ids': 'Piezas', 'weight': 0.41215150679999996, 'gross_weight': 0.44313627600000005, 'volume': 0.05277228, 'superficie': '92021.95', 'broad': 150.0, 'long': 315.22, 'categ_id': 'Chapa Galvanizada SAE 1010', 'thickness': 1.2, 'sale_ok': 'true', 'purchase_ok': 'false', 'product_route': 'file:///C:/Users/Usuario/Pictures/10496%20Cargador%20de%20Batería/2%20G%2010498%20Espadalda%20Cargador%20de%20Bateriaa.SLDPRT', 'bill_of_materials': [{'default_code': 20013, 'product_qty': 0.44313627600000005}]}
2024-05-06 14:03:01.707187 C:\SolidWorks Data\Envío de piezas a Odoo\main.swp
2024-05-06 14:03:05.019636 searching content in:  C:\SolidWorks Data\Envío de piezas a Odoo\\Error.txt
2024-05-06 14:03:05.019636 searching content in:  C:\SolidWorks Data\Envío de piezas a Odoo\\Volumen.txt
2024-05-06 14:03:05.019636 searching content in:  C:\SolidWorks Data\Envío de piezas a Odoo\\Superficie.txt
2024-05-06 14:03:05.019636 searching content in:  C:\SolidWorks Data\Envío de piezas a Odoo\\Ancho.txt
2024-05-06 14:03:05.019636 searching content in:  C:\SolidWorks Data\Envío de piezas a Odoo\\Largo.txt
2024-05-06 14:03:05.019636 searching content in:  C:\SolidWorks Data\Envío de piezas a Odoo\\Grosor.txt
2024-05-06 14:03:05.019636 archivo: G 10497 Base Cargador de Bateriaa.SLDPRT volumen:  52837.45 superficie:  89731.34 ancho:  132.22 largo:  1.20 espesor:  360.4400
1.2
   ESPESOR MATERIAL  INSUMO
0     1.60        N   10013
1     1.60        G   20013
2     2.14        N   10013
3     0.90        G   20013
4     1.20        N   10013
5     1.20        G   20013
inusmoo [20013]
insumo 20013
{'name': 'G 10497 Base Cargador de Bateriaa', 'quantity': 1, 'default_code': 380080, 'product_tag_ids': 'Piezas', 'weight': 0.4126604845, 'gross_weight': 0.4466449353695999, 'volume': 0.052837449999999994, 'superficie': '89731.34', 'broad': 132.22, 'long': 360.44, 'categ_id': 'Chapa Galvanizada SAE 1010', 'thickness': 1.2, 'sale_ok': 'true', 'purchase_ok': 'false', 'product_route': 'file:///C:/Users/Usuario/Pictures/10496%20Cargador%20de%20Batería/G%2010497%20Base%20Cargador%20de%20Bateriaa.SLDPRT', 'bill_of_materials': [{'default_code': 20013, 'product_qty': 0.4466449353695999}]}
2024-05-06 14:03:05.035314 2 G 10498 Espadalda Cargador de Bateriaa
2024-05-06 14:03:05.035314 {"params": {"name": "2 G 10498 Espadalda Cargador de Bateriaa", "default_code": 576638, "product_tag_ids": "Piezas", "weight": 0.41215150679999996, "gross_weight": 0.44313627600000005, "volume": 0.05277228, "superficie": "92021.95", "broad": 150.0, "long": 315.22, "categ_id": "Chapa Galvanizada SAE 1010", "thickness": 1.2, "sale_ok": "true", "purchase_ok": "false", "product_route": "file:///C:/Users/Usuario/Pictures/10496%20Cargador%20de%20Bater\u00eda/2%20G%2010498%20Espadalda%20Cargador%20de%20Bateriaa.SLDPRT", "bill_of_materials": [{"default_code": 20013, "product_qty": 0.44313627600000005}]}}
Exception in Tkinter callback
Traceback (most recent call last):
  File "C:\SOLIDWORKS Data\gui.py", line 201, in insert_pieza_odoo
    if response.json()["result"]['status'] == "Error":
       ~~~~~~~~~~~~~~~^^^^^^^^^^
KeyError: 'result'

During handling of the above exception, another exception occurred:

Traceback (most recent call last):
  File "C:\Users\Usuario\AppData\Local\Programs\Python\Python312\Lib\tkinter\__init__.py", line 1967, in __call__
    return self.func(*args)
           ^^^^^^^^^^^^^^^^
  File "C:\SOLIDWORKS Data\gui.py", line 743, in on_drop
    folder(folder_path)
  File "C:\SOLIDWORKS Data\gui.py", line 635, in folder
    insert_pieza_odoo(pieza)
  File "C:\SOLIDWORKS Data\gui.py", line 229, in insert_pieza_odoo
    error_message = response.json()['result']['message']
                    ~~~~~~~~~~~~~~~^^^^^^^^^^
KeyError: 'result'
2024-05-06 15:02:26.246987 C:/Users/Usuario/Pictures/10496 Cargador de Batería
2024-05-06 15:02:27.319695 C:\SolidWorks Data\Envío de piezas a Odoo\main.swp
2024-05-06 15:02:30.460382 searching content in:  C:\SolidWorks Data\Envío de piezas a Odoo\\Error.txt
2024-05-06 15:02:30.460382 searching content in:  C:\SolidWorks Data\Envío de piezas a Odoo\\Volumen.txt
2024-05-06 15:02:30.460382 searching content in:  C:\SolidWorks Data\Envío de piezas a Odoo\\Superficie.txt
2024-05-06 15:02:30.460382 searching content in:  C:\SolidWorks Data\Envío de piezas a Odoo\\Ancho.txt
2024-05-06 15:02:30.460382 searching content in:  C:\SolidWorks Data\Envío de piezas a Odoo\\Largo.txt
2024-05-06 15:02:30.460382 searching content in:  C:\SolidWorks Data\Envío de piezas a Odoo\\Grosor.txt
2024-05-06 15:02:30.460382 archivo: 2 G 10498 Espadalda Cargador de Bateriaaa.SLDPRT volumen:  52772.28 superficie:  92021.95 ancho:  315.22 largo:  1.20 espesor:  150.0000
2 G 10498 Espadalda Cargador de Bateriaaa.SLDPRT is digit
1.2
   ESPESOR MATERIAL  INSUMO
0     1.60        N   10013
1     1.60        G   20013
2     2.14        N   10013
3     0.90        G   20013
4     1.20        N   10013
5     1.20        G   20013
inusmoo [20013]
insumo 20013
2 G 10498 Espadalda Cargador de Bateriaaa.SLDPRT has digit, updating quantity
{'name': '2 G 10498 Espadalda Cargador de Bateriaaa', 'quantity': '2', 'default_code': 116179, 'product_tag_ids': 'Piezas', 'weight': 0.41215150679999996, 'gross_weight': 0.44313627600000005, 'volume': 0.05277228, 'superficie': '92021.95', 'broad': 150.0, 'long': 315.22, 'categ_id': 'Chapa Galvanizada SAE 1010', 'thickness': 1.2, 'sale_ok': 'true', 'purchase_ok': 'false', 'product_route': 'file:///C:/Users/Usuario/Pictures/10496%20Cargador%20de%20Batería/2%20G%2010498%20Espadalda%20Cargador%20de%20Bateriaaa.SLDPRT', 'bill_of_materials': [{'default_code': 20013, 'product_qty': 0.44313627600000005}]}
Pieza analizada
2024-05-06 15:02:30.491631 C:\SolidWorks Data\Envío de piezas a Odoo\main.swp
2024-05-06 15:02:33.772850 searching content in:  C:\SolidWorks Data\Envío de piezas a Odoo\\Error.txt
2024-05-06 15:02:33.772850 searching content in:  C:\SolidWorks Data\Envío de piezas a Odoo\\Volumen.txt
2024-05-06 15:02:33.772850 searching content in:  C:\SolidWorks Data\Envío de piezas a Odoo\\Superficie.txt
2024-05-06 15:02:33.772850 searching content in:  C:\SolidWorks Data\Envío de piezas a Odoo\\Ancho.txt
2024-05-06 15:02:33.772850 searching content in:  C:\SolidWorks Data\Envío de piezas a Odoo\\Largo.txt
2024-05-06 15:02:33.772850 searching content in:  C:\SolidWorks Data\Envío de piezas a Odoo\\Grosor.txt
2024-05-06 15:02:33.772850 archivo: G 10497 Base Cargador de Bateriaaa.SLDPRT volumen:  52837.45 superficie:  89731.34 ancho:  132.22 largo:  1.20 espesor:  360.4400
1.2
   ESPESOR MATERIAL  INSUMO
0     1.60        N   10013
1     1.60        G   20013
2     2.14        N   10013
3     0.90        G   20013
4     1.20        N   10013
5     1.20        G   20013
inusmoo [20013]
insumo 20013
{'name': 'G 10497 Base Cargador de Bateriaaa', 'quantity': 1, 'default_code': 748665, 'product_tag_ids': 'Piezas', 'weight': 0.4126604845, 'gross_weight': 0.4466449353695999, 'volume': 0.052837449999999994, 'superficie': '89731.34', 'broad': 132.22, 'long': 360.44, 'categ_id': 'Chapa Galvanizada SAE 1010', 'thickness': 1.2, 'sale_ok': 'true', 'purchase_ok': 'false', 'product_route': 'file:///C:/Users/Usuario/Pictures/10496%20Cargador%20de%20Batería/G%2010497%20Base%20Cargador%20de%20Bateriaaa.SLDPRT', 'bill_of_materials': [{'default_code': 20013, 'product_qty': 0.4466449353695999}]}
Pieza analizada
2024-05-06 15:02:33.788507 2 G 10498 Espadalda Cargador de Bateriaaa
2024-05-06 15:02:33.788507 {"params": {"name": "2 G 10498 Espadalda Cargador de Bateriaaa", "default_code": 116179, "product_tag_ids": "Piezas", "weight": 0.41215150679999996, "gross_weight": 0.44313627600000005, "volume": 0.05277228, "superficie": "92021.95", "broad": 150.0, "long": 315.22, "categ_id": "Chapa Galvanizada SAE 1010", "thickness": 1.2, "sale_ok": "true", "purchase_ok": "false", "product_route": "file:///C:/Users/Usuario/Pictures/10496%20Cargador%20de%20Bater\u00eda/2%20G%2010498%20Espadalda%20Cargador%20de%20Bateriaaa.SLDPRT", "bill_of_materials": [{"default_code": 20013, "product_qty": 0.44313627600000005}]}}
2024-05-06 15:02:35.646047 Request failed. Error status: 'result'
{"params": {"name": "2 G 10498 Espadalda Cargador de Bateriaaa", "default_code": 116179, "product_tag_ids": "Piezas", "weight": 0.41215150679999996, "gross_weight": 0.44313627600000005, "volume": 0.05277228, "superficie": "92021.95", "broad": 150.0, "long": 315.22, "categ_id": "Chapa Galvanizada SAE 1010", "thickness": 1.2, "sale_ok": "true", "purchase_ok": "false", "product_route": "file:///C:/Users/Usuario/Pictures/10496%20Cargador%20de%20Bater\u00eda/2%20G%2010498%20Espadalda%20Cargador%20de%20Bateriaaa.SLDPRT", "bill_of_materials": [{"default_code": 20013, "product_qty": 0.44313627600000005}]}}
